This is XeTeX, Version 3.14159265-2.6-0.99992 (TeX Live 2015/Debian) (preloaded format=xelatex 2017.8.25)  17 OCT 2017 10:07
entering extended mode
 restricted \write18 enabled.
 %&-line parsing enabled.
**demo
(./demo.tex
LaTeX2e <2016/02/01>
Babel <3.9q> and hyphenation patterns for 81 language(s) loaded.
(/usr/share/texlive/texmf-dist/tex/latex/beamer/beamer.cls
(/usr/share/texlive/texmf-dist/tex/latex/beamer/beamerbasercs.sty
Package: beamerbasercs 2015/03/08 (rcs-revision 368aa9ba9d38)
)
Document Class: beamer 2015/01/05 3.36 A class for typesetting presentations (r
cs-revision 8a39122e1f63)
(/usr/share/texlive/texmf-dist/tex/latex/beamer/beamerbasemodes.sty
Package: beamerbasemodes 2013/09/03 (rcs-revision 768f2d98ca64)
\beamer@tempbox=\box26
\beamer@tempcount=\count79
\c@beamerpauses=\count80

(/usr/share/texlive/texmf-dist/tex/latex/beamer/beamerbasedecode.sty
Package: beamerbasedecode 2010/05/01 (rcs-revision efa082c6111d)
\beamer@slideinframe=\count81
\beamer@minimum=\count82
)
\beamer@commentbox=\box27
\beamer@modecount=\count83
)
(/usr/share/texlive/texmf-dist/tex/generic/oberdiek/ifpdf.sty
Package: ifpdf 2011/01/30 v2.3 Provides the ifpdf switch (HO)
Package ifpdf Info: pdfTeX in PDF mode is not detected.
)
\headheight=\dimen102
\headdp=\dimen103
\footheight=\dimen104
\sidebarheight=\dimen105
\beamer@tempdim=\dimen106
\beamer@finalheight=\dimen107
\beamer@animht=\dimen108
\beamer@animdp=\dimen109
\beamer@animwd=\dimen110
\beamer@leftmargin=\dimen111
\beamer@rightmargin=\dimen112
\beamer@leftsidebar=\dimen113
\beamer@rightsidebar=\dimen114
\beamer@boxsize=\dimen115
\beamer@vboxoffset=\dimen116
\beamer@descdefault=\dimen117
\beamer@descriptionwidth=\dimen118
\beamer@lastskip=\skip41
\beamer@areabox=\box28
\beamer@animcurrent=\box29
\beamer@animshowbox=\box30
\beamer@sectionbox=\box31
\beamer@logobox=\box32
\beamer@linebox=\box33
\beamer@sectioncount=\count84
\beamer@subsubsectionmax=\count85
\beamer@subsectionmax=\count86
\beamer@sectionmax=\count87
\beamer@totalheads=\count88
\beamer@headcounter=\count89
\beamer@partstartpage=\count90
\beamer@sectionstartpage=\count91
\beamer@subsectionstartpage=\count92
\beamer@animationtempa=\count93
\beamer@animationtempb=\count94
\beamer@xpos=\count95
\beamer@ypos=\count96
\beamer@showpartnumber=\count97
\beamer@currentsubsection=\count98
\beamer@coveringdepth=\count99
\beamer@sectionadjust=\count100
\beamer@tocsectionnumber=\count101

(/usr/share/texlive/texmf-dist/tex/latex/beamer/beamerbaseoptions.sty
Package: beamerbaseoptions 2013/03/10 (rcs-revision 47431932db0d)

(/usr/share/texlive/texmf-dist/tex/latex/graphics/keyval.sty
Package: keyval 2014/10/28 v1.15 key=value parser (DPC)
\KV@toks@=\toks14
))
\beamer@paperwidth=\skip42
\beamer@paperheight=\skip43

(/usr/share/texlive/texmf-dist/tex/latex/geometry/geometry.sty
Package: geometry 2010/09/12 v5.6 Page Geometry

(/usr/share/texlive/texmf-dist/tex/generic/oberdiek/ifvtex.sty
Package: ifvtex 2010/03/01 v1.5 Detect VTeX and its facilities (HO)
Package ifvtex Info: VTeX not detected.
)
(/usr/share/texlive/texmf-dist/tex/generic/ifxetex/ifxetex.sty
Package: ifxetex 2010/09/12 v0.6 Provides ifxetex conditional
)
\Gm@cnth=\count102
\Gm@cntv=\count103
\c@Gm@tempcnt=\count104
\Gm@bindingoffset=\dimen119
\Gm@wd@mp=\dimen120
\Gm@odd@mp=\dimen121
\Gm@even@mp=\dimen122
\Gm@layoutwidth=\dimen123
\Gm@layoutheight=\dimen124
\Gm@layouthoffset=\dimen125
\Gm@layoutvoffset=\dimen126
\Gm@dimlist=\toks15
)
(/usr/share/texlive/texmf-dist/tex/latex/base/size10.clo
File: size10.clo 2014/09/29 v1.4h Standard LaTeX file (size option)
)
(/usr/share/texlive/texmf-dist/tex/latex/pgf/basiclayer/pgfcore.sty
(/usr/share/texlive/texmf-dist/tex/latex/graphics/graphicx.sty
Package: graphicx 2014/10/28 v1.0g Enhanced LaTeX Graphics (DPC,SPQR)

(/usr/share/texlive/texmf-dist/tex/latex/graphics/graphics.sty
Package: graphics 2016/01/03 v1.0q Standard LaTeX Graphics (DPC,SPQR)

(/usr/share/texlive/texmf-dist/tex/latex/graphics/trig.sty
Package: trig 2016/01/03 v1.10 sin cos tan (DPC)
)
(/usr/share/texlive/texmf-dist/tex/latex/latexconfig/graphics.cfg
File: graphics.cfg 2010/04/23 v1.9 graphics configuration of TeX Live
)
Package graphics Info: Driver file: xetex.def on input line 95.

(/usr/share/texlive/texmf-dist/tex/xelatex/xetex-def/xetex.def
File: xetex.def 2015/09/11 v4.06 LaTeX color/graphics driver for XeTeX (TeX Liv
e/RRM/JK)

(/usr/share/texlive/texmf-dist/tex/generic/oberdiek/infwarerr.sty
Package: infwarerr 2010/04/08 v1.3 Providing info/warning/error messages (HO)
)
(/usr/share/texlive/texmf-dist/tex/generic/oberdiek/ltxcmds.sty
Package: ltxcmds 2011/11/09 v1.22 LaTeX kernel commands for general use (HO)
)))
\Gin@req@height=\dimen127
\Gin@req@width=\dimen128
)
(/usr/share/texlive/texmf-dist/tex/latex/pgf/systemlayer/pgfsys.sty
(/usr/share/texlive/texmf-dist/tex/latex/pgf/utilities/pgfrcs.sty
(/usr/share/texlive/texmf-dist/tex/generic/pgf/utilities/pgfutil-common.tex
\pgfutil@everybye=\toks16
\pgfutil@tempdima=\dimen129
\pgfutil@tempdimb=\dimen130

(/usr/share/texlive/texmf-dist/tex/generic/pgf/utilities/pgfutil-common-lists.t
ex)) (/usr/share/texlive/texmf-dist/tex/generic/pgf/utilities/pgfutil-latex.def
\pgfutil@abb=\box34
(/usr/share/texlive/texmf-dist/tex/latex/ms/everyshi.sty
Package: everyshi 2001/05/15 v3.00 EveryShipout Package (MS)
))
(/usr/share/texlive/texmf-dist/tex/generic/pgf/utilities/pgfrcs.code.tex
Package: pgfrcs 2015/08/07 v3.0.1a (rcs-revision 1.31)
))
(/usr/share/texlive/texmf-dist/tex/generic/pgf/systemlayer/pgfsys.code.tex
Package: pgfsys 2014/07/09 v3.0.1a (rcs-revision 1.48)

(/usr/share/texlive/texmf-dist/tex/generic/pgf/utilities/pgfkeys.code.tex
\pgfkeys@pathtoks=\toks17
\pgfkeys@temptoks=\toks18

(/usr/share/texlive/texmf-dist/tex/generic/pgf/utilities/pgfkeysfiltered.code.t
ex
\pgfkeys@tmptoks=\toks19
))
\pgf@x=\dimen131
\pgf@y=\dimen132
\pgf@xa=\dimen133
\pgf@ya=\dimen134
\pgf@xb=\dimen135
\pgf@yb=\dimen136
\pgf@xc=\dimen137
\pgf@yc=\dimen138
\w@pgf@writea=\write3
\r@pgf@reada=\read1
\c@pgf@counta=\count105
\c@pgf@countb=\count106
\c@pgf@countc=\count107
\c@pgf@countd=\count108
\t@pgf@toka=\toks20
\t@pgf@tokb=\toks21
\t@pgf@tokc=\toks22
 (/usr/share/texlive/texmf-dist/tex/generic/pgf/systemlayer/pgf.cfg
File: pgf.cfg 2008/05/14  (rcs-revision 1.7)
)
Driver file for pgf: pgfsys-xetex.def

(/usr/share/texlive/texmf-dist/tex/generic/pgf/systemlayer/pgfsys-xetex.def
File: pgfsys-xetex.def 2014/07/09  (rcs-revision 1.11)

(/usr/share/texlive/texmf-dist/tex/generic/pgf/systemlayer/pgfsys-dvipdfmx.def
File: pgfsys-dvipdfmx.def 2014/07/09  (rcs-revision 1.14)

(/usr/share/texlive/texmf-dist/tex/generic/pgf/systemlayer/pgfsys-common-pdf.de
f
File: pgfsys-common-pdf.def 2013/10/10  (rcs-revision 1.13)
)
\pgfsys@objnum=\count109
)))
(/usr/share/texlive/texmf-dist/tex/generic/pgf/systemlayer/pgfsyssoftpath.code.
tex
File: pgfsyssoftpath.code.tex 2013/09/09  (rcs-revision 1.9)
\pgfsyssoftpath@smallbuffer@items=\count110
\pgfsyssoftpath@bigbuffer@items=\count111
)
(/usr/share/texlive/texmf-dist/tex/generic/pgf/systemlayer/pgfsysprotocol.code.
tex
File: pgfsysprotocol.code.tex 2006/10/16  (rcs-revision 1.4)
)) (/usr/share/texlive/texmf-dist/tex/latex/xcolor/xcolor.sty
Package: xcolor 2007/01/21 v2.11 LaTeX color extensions (UK)

(/usr/share/texlive/texmf-dist/tex/latex/latexconfig/color.cfg
File: color.cfg 2007/01/18 v1.5 color configuration of teTeX/TeXLive
)
Package xcolor Info: Driver file: xetex.def on input line 225.
Package xcolor Info: Model `cmy' substituted by `cmy0' on input line 1337.
Package xcolor Info: Model `RGB' extended on input line 1353.
Package xcolor Info: Model `HTML' substituted by `rgb' on input line 1355.
Package xcolor Info: Model `Hsb' substituted by `hsb' on input line 1356.
Package xcolor Info: Model `tHsb' substituted by `hsb' on input line 1357.
Package xcolor Info: Model `HSB' substituted by `hsb' on input line 1358.
Package xcolor Info: Model `Gray' substituted by `gray' on input line 1359.
Package xcolor Info: Model `wave' substituted by `hsb' on input line 1360.
)
(/usr/share/texlive/texmf-dist/tex/generic/pgf/basiclayer/pgfcore.code.tex
Package: pgfcore 2010/04/11 v3.0.1a (rcs-revision 1.7)

(/usr/share/texlive/texmf-dist/tex/generic/pgf/math/pgfmath.code.tex
(/usr/share/texlive/texmf-dist/tex/generic/pgf/math/pgfmathcalc.code.tex
(/usr/share/texlive/texmf-dist/tex/generic/pgf/math/pgfmathutil.code.tex)
(/usr/share/texlive/texmf-dist/tex/generic/pgf/math/pgfmathparser.code.tex
\pgfmath@dimen=\dimen139
\pgfmath@count=\count112
\pgfmath@box=\box35
\pgfmath@toks=\toks23
\pgfmath@stack@operand=\toks24
\pgfmath@stack@operation=\toks25
)
(/usr/share/texlive/texmf-dist/tex/generic/pgf/math/pgfmathfunctions.code.tex
(/usr/share/texlive/texmf-dist/tex/generic/pgf/math/pgfmathfunctions.basic.code
.tex)
(/usr/share/texlive/texmf-dist/tex/generic/pgf/math/pgfmathfunctions.trigonomet
ric.code.tex)
(/usr/share/texlive/texmf-dist/tex/generic/pgf/math/pgfmathfunctions.random.cod
e.tex)
(/usr/share/texlive/texmf-dist/tex/generic/pgf/math/pgfmathfunctions.comparison
.code.tex)
(/usr/share/texlive/texmf-dist/tex/generic/pgf/math/pgfmathfunctions.base.code.
tex)
(/usr/share/texlive/texmf-dist/tex/generic/pgf/math/pgfmathfunctions.round.code
.tex)
(/usr/share/texlive/texmf-dist/tex/generic/pgf/math/pgfmathfunctions.misc.code.
tex)
(/usr/share/texlive/texmf-dist/tex/generic/pgf/math/pgfmathfunctions.integerari
thmetics.code.tex)))
(/usr/share/texlive/texmf-dist/tex/generic/pgf/math/pgfmathfloat.code.tex
\c@pgfmathroundto@lastzeros=\count113
))
(/usr/share/texlive/texmf-dist/tex/generic/pgf/basiclayer/pgfcorepoints.code.te
x
File: pgfcorepoints.code.tex 2013/10/07  (rcs-revision 1.27)
\pgf@picminx=\dimen140
\pgf@picmaxx=\dimen141
\pgf@picminy=\dimen142
\pgf@picmaxy=\dimen143
\pgf@pathminx=\dimen144
\pgf@pathmaxx=\dimen145
\pgf@pathminy=\dimen146
\pgf@pathmaxy=\dimen147
\pgf@xx=\dimen148
\pgf@xy=\dimen149
\pgf@yx=\dimen150
\pgf@yy=\dimen151
\pgf@zx=\dimen152
\pgf@zy=\dimen153
)
(/usr/share/texlive/texmf-dist/tex/generic/pgf/basiclayer/pgfcorepathconstruct.
code.tex
File: pgfcorepathconstruct.code.tex 2013/10/07  (rcs-revision 1.29)
\pgf@path@lastx=\dimen154
\pgf@path@lasty=\dimen155
)
(/usr/share/texlive/texmf-dist/tex/generic/pgf/basiclayer/pgfcorepathusage.code
.tex
File: pgfcorepathusage.code.tex 2014/11/02  (rcs-revision 1.24)
\pgf@shorten@end@additional=\dimen156
\pgf@shorten@start@additional=\dimen157
)
(/usr/share/texlive/texmf-dist/tex/generic/pgf/basiclayer/pgfcorescopes.code.te
x
File: pgfcorescopes.code.tex 2015/05/08  (rcs-revision 1.46)
\pgfpic=\box36
\pgf@hbox=\box37
\pgf@layerbox@main=\box38
\pgf@picture@serial@count=\count114
)
(/usr/share/texlive/texmf-dist/tex/generic/pgf/basiclayer/pgfcoregraphicstate.c
ode.tex
File: pgfcoregraphicstate.code.tex 2014/11/02  (rcs-revision 1.12)
\pgflinewidth=\dimen158
)
(/usr/share/texlive/texmf-dist/tex/generic/pgf/basiclayer/pgfcoretransformation
s.code.tex
File: pgfcoretransformations.code.tex 2015/08/07  (rcs-revision 1.20)
\pgf@pt@x=\dimen159
\pgf@pt@y=\dimen160
\pgf@pt@temp=\dimen161
)
(/usr/share/texlive/texmf-dist/tex/generic/pgf/basiclayer/pgfcorequick.code.tex
File: pgfcorequick.code.tex 2008/10/09  (rcs-revision 1.3)
)
(/usr/share/texlive/texmf-dist/tex/generic/pgf/basiclayer/pgfcoreobjects.code.t
ex
File: pgfcoreobjects.code.tex 2006/10/11  (rcs-revision 1.2)
)
(/usr/share/texlive/texmf-dist/tex/generic/pgf/basiclayer/pgfcorepathprocessing
.code.tex
File: pgfcorepathprocessing.code.tex 2013/09/09  (rcs-revision 1.9)
)
(/usr/share/texlive/texmf-dist/tex/generic/pgf/basiclayer/pgfcorearrows.code.te
x
File: pgfcorearrows.code.tex 2015/05/14  (rcs-revision 1.43)
\pgfarrowsep=\dimen162
)
(/usr/share/texlive/texmf-dist/tex/generic/pgf/basiclayer/pgfcoreshade.code.tex
File: pgfcoreshade.code.tex 2013/07/15  (rcs-revision 1.15)
\pgf@max=\dimen163
\pgf@sys@shading@range@num=\count115
)
(/usr/share/texlive/texmf-dist/tex/generic/pgf/basiclayer/pgfcoreimage.code.tex
File: pgfcoreimage.code.tex 2013/07/15  (rcs-revision 1.18)

(/usr/share/texlive/texmf-dist/tex/generic/pgf/basiclayer/pgfcoreexternal.code.
tex
File: pgfcoreexternal.code.tex 2014/07/09  (rcs-revision 1.21)
\pgfexternal@startupbox=\box39
))
(/usr/share/texlive/texmf-dist/tex/generic/pgf/basiclayer/pgfcorelayers.code.te
x
File: pgfcorelayers.code.tex 2013/07/18  (rcs-revision 1.7)
)
(/usr/share/texlive/texmf-dist/tex/generic/pgf/basiclayer/pgfcoretransparency.c
ode.tex
File: pgfcoretransparency.code.tex 2013/09/30  (rcs-revision 1.5)
)
(/usr/share/texlive/texmf-dist/tex/generic/pgf/basiclayer/pgfcorepatterns.code.
tex
File: pgfcorepatterns.code.tex 2013/11/07  (rcs-revision 1.5)
))) (/usr/share/texlive/texmf-dist/tex/latex/pgf/utilities/xxcolor.sty
Package: xxcolor 2003/10/24 ver 0.1
\XC@nummixins=\count116
\XC@countmixins=\count117
)
(/usr/share/texlive/texmf-dist/tex/generic/oberdiek/atbegshi.sty
Package: atbegshi 2011/10/05 v1.16 At begin shipout hook (HO)
)
(/usr/share/texlive/texmf-dist/tex/latex/hyperref/hyperref.sty
Package: hyperref 2012/11/06 v6.83m Hypertext links for LaTeX

(/usr/share/texlive/texmf-dist/tex/generic/oberdiek/hobsub-hyperref.sty
Package: hobsub-hyperref 2012/05/28 v1.13 Bundle oberdiek, subset hyperref (HO)


(/usr/share/texlive/texmf-dist/tex/generic/oberdiek/hobsub-generic.sty
Package: hobsub-generic 2012/05/28 v1.13 Bundle oberdiek, subset generic (HO)
Package: hobsub 2012/05/28 v1.13 Construct package bundles (HO)
Package hobsub Info: Skipping package `infwarerr' (already loaded).
Package hobsub Info: Skipping package `ltxcmds' (already loaded).
Package: ifluatex 2010/03/01 v1.3 Provides the ifluatex switch (HO)
Package ifluatex Info: LuaTeX not detected.
Package hobsub Info: Skipping package `ifvtex' (already loaded).
Package: intcalc 2007/09/27 v1.1 Expandable calculations with integers (HO)
Package hobsub Info: Skipping package `ifpdf' (already loaded).
Package: etexcmds 2011/02/16 v1.5 Avoid name clashes with e-TeX commands (HO)
Package etexcmds Info: Could not find \expanded.
(etexcmds)             That can mean that you are not using pdfTeX 1.50 or
(etexcmds)             that some package has redefined \expanded.
(etexcmds)             In the latter case, load this package earlier.
Package: kvsetkeys 2012/04/25 v1.16 Key value parser (HO)
Package: kvdefinekeys 2011/04/07 v1.3 Define keys (HO)
Package: pdftexcmds 2011/11/29 v0.20 Utility functions of pdfTeX for LuaTeX (HO
)
Package pdftexcmds Info: LuaTeX not detected.
Package pdftexcmds Info: pdfTeX >= 1.30 not detected.
Package pdftexcmds Info: \pdf@primitive is available.
Package pdftexcmds Info: \pdf@ifprimitive is available.
Package pdftexcmds Info: \pdfdraftmode not found.
Package: pdfescape 2011/11/25 v1.13 Implements pdfTeX's escape features (HO)
Package: bigintcalc 2012/04/08 v1.3 Expandable calculations on big integers (HO
)
Package: bitset 2011/01/30 v1.1 Handle bit-vector datatype (HO)
Package: uniquecounter 2011/01/30 v1.2 Provide unlimited unique counter (HO)
)
Package hobsub Info: Skipping package `hobsub' (already loaded).
Package: letltxmacro 2010/09/02 v1.4 Let assignment for LaTeX macros (HO)
Package: hopatch 2012/05/28 v1.2 Wrapper for package hooks (HO)
Package: xcolor-patch 2011/01/30 xcolor patch
Package: atveryend 2011/06/30 v1.8 Hooks at the very end of document (HO)
Package atveryend Info: \enddocument detected (standard20110627).
Package hobsub Info: Skipping package `atbegshi' (already loaded).
Package: refcount 2011/10/16 v3.4 Data extraction from label references (HO)
Package: hycolor 2011/01/30 v1.7 Color options for hyperref/bookmark (HO)
)
(/usr/share/texlive/texmf-dist/tex/latex/oberdiek/auxhook.sty
Package: auxhook 2011/03/04 v1.3 Hooks for auxiliary files (HO)
)
(/usr/share/texlive/texmf-dist/tex/latex/oberdiek/kvoptions.sty
Package: kvoptions 2011/06/30 v3.11 Key value format for package options (HO)
)
\@linkdim=\dimen164
\Hy@linkcounter=\count118
\Hy@pagecounter=\count119

(/usr/share/texlive/texmf-dist/tex/latex/hyperref/pd1enc.def
File: pd1enc.def 2012/11/06 v6.83m Hyperref: PDFDocEncoding definition (HO)
)
\Hy@SavedSpaceFactor=\count120

(/usr/share/texlive/texmf-dist/tex/latex/latexconfig/hyperref.cfg
File: hyperref.cfg 2002/06/06 v1.2 hyperref configuration of TeXLive
)
Package hyperref Info: Option `bookmarks' set `true' on input line 4319.
Package hyperref Info: Option `bookmarksopen' set `true' on input line 4319.
Package hyperref Info: Option `implicit' set `false' on input line 4319.
Package hyperref Info: Hyper figures OFF on input line 4443.
Package hyperref Info: Link nesting OFF on input line 4448.
Package hyperref Info: Hyper index ON on input line 4451.
Package hyperref Info: Plain pages OFF on input line 4458.
Package hyperref Info: Backreferencing OFF on input line 4463.
Package hyperref Info: Implicit mode OFF; no redefinition of LaTeX internals.
Package hyperref Info: Bookmarks ON on input line 4688.
\c@Hy@tempcnt=\count121

(/usr/share/texlive/texmf-dist/tex/latex/url/url.sty
\Urlmuskip=\muskip10
Package: url 2013/09/16  ver 3.4  Verb mode for urls, etc.
)
LaTeX Info: Redefining \url on input line 5041.
\XeTeXLinkMargin=\dimen165
\Fld@menulength=\count122
\Field@Width=\dimen166
\Fld@charsize=\dimen167
Package hyperref Info: Hyper figures OFF on input line 6295.
Package hyperref Info: Link nesting OFF on input line 6300.
Package hyperref Info: Hyper index ON on input line 6303.
Package hyperref Info: backreferencing OFF on input line 6310.
Package hyperref Info: Link coloring OFF on input line 6315.
Package hyperref Info: Link coloring with OCG OFF on input line 6320.
Package hyperref Info: PDF/A mode OFF on input line 6325.
LaTeX Info: Redefining \ref on input line 6365.
LaTeX Info: Redefining \pageref on input line 6369.
\Hy@abspage=\count123


Package hyperref Message: Stopped early.

)

Package hyperref Message: Driver (autodetected): hxetex.

(/usr/share/texlive/texmf-dist/tex/latex/hyperref/hxetex.def
File: hxetex.def 2012/11/06 v6.83m Hyperref driver for XeTeX

(/usr/share/texlive/texmf-dist/tex/latex/hyperref/puenc.def
File: puenc.def 2012/11/06 v6.83m Hyperref: PDF Unicode definition (HO)
)
(/usr/share/texlive/texmf-dist/tex/generic/oberdiek/stringenc.sty
Package: stringenc 2011/12/02 v1.10 Convert strings between diff. encodings (HO
)
)
\pdfm@box=\box40
\c@Hy@AnnotLevel=\count124
\HyField@AnnotCount=\count125
\Fld@listcount=\count126
\c@bookmark@seq@number=\count127

(/usr/share/texlive/texmf-dist/tex/latex/oberdiek/rerunfilecheck.sty
Package: rerunfilecheck 2011/04/15 v1.7 Rerun checks for auxiliary files (HO)
Package rerunfilecheck Info: Feature \pdfmdfivesum is not available
(rerunfilecheck)             (e.g. pdfTeX or LuaTeX with package `pdftexcmds').

(rerunfilecheck)             Therefore file contents cannot be checked efficien
tly
(rerunfilecheck)             and the loading of the package is aborted.
))
(/usr/share/texlive/texmf-dist/tex/generic/oberdiek/se-ascii-print.def
File: se-ascii-print.def 2011/12/02 v1.10 stringenc: Printable ASCII characters

)
(/usr/share/texlive/texmf-dist/tex/latex/beamer/beamerbaserequires.sty
Package: beamerbaserequires 2010/05/01  (rcs-revision efa082c6111d)

(/usr/share/texlive/texmf-dist/tex/latex/beamer/beamerbasecompatibility.sty
Package: beamerbasecompatibility 2012/05/01  (rcs-revision 67c48b3b652d)
)
(/usr/share/texlive/texmf-dist/tex/latex/beamer/beamerbasefont.sty
Package: beamerbasefont 2015/01/05  (rcs-revision b4b4bee242e2)

(/usr/share/texlive/texmf-dist/tex/latex/amsfonts/amssymb.sty
Package: amssymb 2013/01/14 v3.01 AMS font symbols

(/usr/share/texlive/texmf-dist/tex/latex/amsfonts/amsfonts.sty
Package: amsfonts 2013/01/14 v3.01 Basic AMSFonts support
\@emptytoks=\toks26
\symAMSa=\mathgroup4
\symAMSb=\mathgroup5
LaTeX Font Info:    Overwriting math alphabet `\mathfrak' in version `bold'
(Font)                  U/euf/m/n --> U/euf/b/n on input line 106.
))
(/usr/share/texlive/texmf-dist/tex/latex/sansmathaccent/sansmathaccent.sty
Package: sansmathaccent 2013/03/28

(/usr/share/texlive/texmf-dist/tex/latex/filehook/filehook.sty
Package: filehook 2011/10/12 v0.5d Hooks for input files
)))
(/usr/share/texlive/texmf-dist/tex/latex/beamer/beamerbasetranslator.sty
Package: beamerbasetranslator 2010/06/11  (rcs-revision 85fd1cc7fc42)

(/usr/share/texlive/texmf-dist/tex/latex/beamer/translator/translator.sty
Package: translator 2010/06/12 ver 1.10

(/usr/share/texlive/texmf-dist/tex/latex/beamer/translator/translator-language-
mappings.tex)))
(/usr/share/texlive/texmf-dist/tex/latex/beamer/beamerbasemisc.sty
Package: beamerbasemisc 2013/09/03  (rcs-revision a55719c41d85)
)
(/usr/share/texlive/texmf-dist/tex/latex/beamer/beamerbasetwoscreens.sty
Package: beamerbasetwoscreens 2010/05/01  (rcs-revision efa082c6111d)
)
(/usr/share/texlive/texmf-dist/tex/latex/beamer/beamerbaseoverlay.sty
Package: beamerbaseoverlay 2013/12/25  (rcs-revision f6bd5e3805da)
\beamer@argscount=\count128
\beamer@lastskipcover=\skip44
\beamer@trivlistdepth=\count129
)
(/usr/share/texlive/texmf-dist/tex/latex/beamer/beamerbasetitle.sty
Package: beamerbasetitle 2010/09/21  (rcs-revision f0446ed0b6ae)
)
(/usr/share/texlive/texmf-dist/tex/latex/beamer/beamerbasesection.sty
Package: beamerbasesection 2013/06/07  (rcs-revision 60b9fe0f342f)
\c@lecture=\count130
\c@part=\count131
\c@section=\count132
\c@subsection=\count133
\c@subsubsection=\count134
)
(/usr/share/texlive/texmf-dist/tex/latex/beamer/beamerbaseframe.sty
Package: beamerbaseframe 2014/02/20  (rcs-revision 4b8ceeeff434)
\beamer@framebox=\box41
\beamer@frametitlebox=\box42
\beamer@zoombox=\box43
\beamer@zoomcount=\count135
\beamer@zoomframecount=\count136
\beamer@frametextheight=\dimen168
\c@subsectionslide=\count137
\beamer@frametopskip=\skip45
\beamer@framebottomskip=\skip46
\beamer@frametopskipautobreak=\skip47
\beamer@framebottomskipautobreak=\skip48
\beamer@envbody=\toks27
\framewidth=\dimen169
\c@framenumber=\count138
)
(/usr/share/texlive/texmf-dist/tex/latex/beamer/beamerbaseverbatim.sty
Package: beamerbaseverbatim 2015/01/05  (rcs-revision 431510bb5890)
\beamer@verbatimfileout=\write4
)
(/usr/share/texlive/texmf-dist/tex/latex/beamer/beamerbaseframesize.sty
Package: beamerbaseframesize 2011/09/12  (rcs-revision 70f9d8411e54)
\beamer@splitbox=\box44
\beamer@autobreakcount=\count139
\beamer@autobreaklastheight=\dimen170
\beamer@frametitletoks=\toks28
\beamer@framesubtitletoks=\toks29
)
(/usr/share/texlive/texmf-dist/tex/latex/beamer/beamerbaseframecomponents.sty
Package: beamerbaseframecomponents 2013/10/18  (rcs-revision 5cf6c5555a45)
\beamer@footins=\box45
)
(/usr/share/texlive/texmf-dist/tex/latex/beamer/beamerbasecolor.sty
Package: beamerbasecolor 2015/02/21  (rcs-revision d944b04ee2d5)
)
(/usr/share/texlive/texmf-dist/tex/latex/beamer/beamerbasenotes.sty
Package: beamerbasenotes 2012/12/19  (rcs-revision 1686da3db3c9)
\beamer@frameboxcopy=\box46
)
(/usr/share/texlive/texmf-dist/tex/latex/beamer/beamerbasetoc.sty
Package: beamerbasetoc 2015/03/08  (rcs-revision 7270298bbaae)
)
(/usr/share/texlive/texmf-dist/tex/latex/beamer/beamerbasetemplates.sty
Package: beamerbasetemplates 2010/05/01  (rcs-revision efa082c6111d)
\beamer@sbttoks=\toks30

(/usr/share/texlive/texmf-dist/tex/latex/beamer/beamerbaseauxtemplates.sty
Package: beamerbaseauxtemplates 2014/06/30  (rcs-revision 580088513a67)

(/usr/share/texlive/texmf-dist/tex/latex/beamer/beamerbaseboxes.sty
Package: beamerbaseboxes 2012/05/13  (rcs-revision 56972908a390)
\bmb@box=\box47
\bmb@colorbox=\box48
\bmb@boxshadow=\box49
\bmb@boxshadowball=\box50
\bmb@boxshadowballlarge=\box51
\bmb@temp=\dimen171
\bmb@dima=\dimen172
\bmb@dimb=\dimen173
\bmb@prevheight=\dimen174
)
\beamer@blockheadheight=\dimen175
))
(/usr/share/texlive/texmf-dist/tex/latex/beamer/beamerbaselocalstructure.sty
Package: beamerbaselocalstructure 2014/09/10  (rcs-revision 393f6dcff371)

(/usr/share/texlive/texmf-dist/tex/latex/tools/enumerate.sty
Package: enumerate 2015/07/23 v3.00 enumerate extensions (DPC)
\@enLab=\toks31
)
\c@figure=\count140
\c@table=\count141
\abovecaptionskip=\skip49
\belowcaptionskip=\skip50
)
(/usr/share/texlive/texmf-dist/tex/latex/beamer/beamerbasenavigation.sty
Package: beamerbasenavigation 2015/02/27  (rcs-revision 923f4bf87efa)
\beamer@section@min@dim=\dimen176
)
(/usr/share/texlive/texmf-dist/tex/latex/beamer/beamerbasetheorems.sty
Package: beamerbasetheorems 2010/06/06  (rcs-revision 7e7cc5e53e9d)

(/usr/share/texlive/texmf-dist/tex/latex/amsmath/amsmath.sty
Package: amsmath 2016/03/03 v2.15a AMS math features
\@mathmargin=\skip51

For additional information on amsmath, use the `?' option.
(/usr/share/texlive/texmf-dist/tex/latex/amsmath/amstext.sty
Package: amstext 2000/06/29 v2.01 AMS text

(/usr/share/texlive/texmf-dist/tex/latex/amsmath/amsgen.sty
File: amsgen.sty 1999/11/30 v2.0 generic functions
\@emptytoks=\toks32
\ex@=\dimen177
))
(/usr/share/texlive/texmf-dist/tex/latex/amsmath/amsbsy.sty
Package: amsbsy 1999/11/29 v1.2d Bold Symbols
\pmbraise@=\dimen178
)
(/usr/share/texlive/texmf-dist/tex/latex/amsmath/amsopn.sty
Package: amsopn 1999/12/14 v2.01 operator names
)
\inf@bad=\count142
LaTeX Info: Redefining \frac on input line 199.
\uproot@=\count143
\leftroot@=\count144
LaTeX Info: Redefining \overline on input line 297.
\classnum@=\count145
\DOTSCASE@=\count146
LaTeX Info: Redefining \ldots on input line 394.
LaTeX Info: Redefining \dots on input line 397.
LaTeX Info: Redefining \cdots on input line 518.
\Mathstrutbox@=\box52
\strutbox@=\box53
\big@size=\dimen179
LaTeX Font Info:    Redeclaring font encoding OML on input line 630.
LaTeX Font Info:    Redeclaring font encoding OMS on input line 631.
\macc@depth=\count147
\c@MaxMatrixCols=\count148
\dotsspace@=\muskip11
\c@parentequation=\count149
\dspbrk@lvl=\count150
\tag@help=\toks33
\row@=\count151
\column@=\count152
\maxfields@=\count153
\andhelp@=\toks34
\eqnshift@=\dimen180
\alignsep@=\dimen181
\tagshift@=\dimen182
\tagwidth@=\dimen183
\totwidth@=\dimen184
\lineht@=\dimen185
\@envbody=\toks35
\multlinegap=\skip52
\multlinetaggap=\skip53
\mathdisplay@stack=\toks36
LaTeX Info: Redefining \[ on input line 2735.
LaTeX Info: Redefining \] on input line 2736.
)
(/usr/share/texlive/texmf-dist/tex/latex/amscls/amsthm.sty
Package: amsthm 2015/03/04 v2.20.2
\thm@style=\toks37
\thm@bodyfont=\toks38
\thm@headfont=\toks39
\thm@notefont=\toks40
\thm@headpunct=\toks41
\thm@preskip=\skip54
\thm@postskip=\skip55
\thm@headsep=\skip56
\dth@everypar=\toks42
)
\c@theorem=\count154
)
(/usr/share/texlive/texmf-dist/tex/latex/beamer/beamerbasethemes.sty
Package: beamerbasethemes 2010/05/01  (rcs-revision efa082c6111d)
))
(/usr/share/texlive/texmf-dist/tex/latex/beamer/themes/theme/beamerthemedefault
.sty
Package: beamerthemedefault 2010/06/17  (rcs-revision d02a7cf4d8ae)

(/usr/share/texlive/texmf-dist/tex/latex/beamer/themes/font/beamerfontthemedefa
ult.sty
Package: beamerfontthemedefault 2012/12/19  (rcs-revision 1686da3db3c9)
)
(/usr/share/texlive/texmf-dist/tex/latex/beamer/themes/color/beamercolorthemede
fault.sty
Package: beamercolorthemedefault 2012/12/19  (rcs-revision 1686da3db3c9)
)
(/usr/share/texlive/texmf-dist/tex/latex/beamer/themes/inner/beamerinnerthemede
fault.sty
Package: beamerinnerthemedefault 2014/06/30  (rcs-revision 580088513a67)
\beamer@dima=\dimen186
\beamer@dimb=\dimen187
)
(/usr/share/texlive/texmf-dist/tex/latex/beamer/themes/outer/beamerouterthemede
fault.sty
Package: beamerouterthemedefault 2012/12/19  (rcs-revision 1686da3db3c9)
)))
(/usr/share/texlive/texmf-dist/tex/latex/beamertheme-metropolis/beamerthememetr
opolis.sty
Package: beamerthememetropolis 2016/03/14 v1.1 Metropolis Beamer theme
 (/usr/share/texlive/texmf-dist/tex/latex/etoolbox/etoolbox.sty
Package: etoolbox 2015/08/02 v2.2a e-TeX tools for LaTeX (JAW)
\etb@tempcnta=\count155
)
(/usr/share/texlive/texmf-dist/tex/latex/pgfopts/pgfopts.sty
Package: pgfopts 2014/07/10 v2.1a LaTeX package options with pgfkeys

(/usr/share/texlive/texmf-dist/tex/latex/pgf/utilities/pgfkeys.sty
(/usr/share/texlive/texmf-dist/tex/generic/pgf/utilities/pgfkeys.code.tex))
\pgfopts@list@add@a@toks=\toks43
\pgfopts@list@add@b@toks=\toks44
)
(/usr/share/texlive/texmf-dist/tex/latex/beamertheme-metropolis/beamerinnerthem
emetropolis.sty
Package: beamerinnerthememetropolis 2016/03/14 Metropolis inner theme
 (/usr/share/texlive/texmf-dist/tex/latex/tools/calc.sty
Package: calc 2014/10/28 v4.3 Infix arithmetic (KKT,FJ)
\calc@Acount=\count156
\calc@Bcount=\count157
\calc@Adimen=\dimen188
\calc@Bdimen=\dimen189
\calc@Askip=\skip57
\calc@Bskip=\skip58
LaTeX Info: Redefining \setlength on input line 80.
LaTeX Info: Redefining \addtolength on input line 81.
\calc@Ccount=\count158
\calc@Cskip=\skip59
)
(/usr/share/texlive/texmf-dist/tex/latex/pgf/frontendlayer/tikz.sty
(/usr/share/texlive/texmf-dist/tex/latex/pgf/basiclayer/pgf.sty
Package: pgf 2015/08/07 v3.0.1a (rcs-revision 1.15)

(/usr/share/texlive/texmf-dist/tex/generic/pgf/modules/pgfmoduleshapes.code.tex
File: pgfmoduleshapes.code.tex 2014/03/21  (rcs-revision 1.35)
\pgfnodeparttextbox=\box54
) (/usr/share/texlive/texmf-dist/tex/generic/pgf/modules/pgfmoduleplot.code.tex
File: pgfmoduleplot.code.tex 2015/08/03  (rcs-revision 1.13)
)
(/usr/share/texlive/texmf-dist/tex/latex/pgf/compatibility/pgfcomp-version-0-65
.sty
Package: pgfcomp-version-0-65 2007/07/03 v3.0.1a (rcs-revision 1.7)
\pgf@nodesepstart=\dimen190
\pgf@nodesepend=\dimen191
)
(/usr/share/texlive/texmf-dist/tex/latex/pgf/compatibility/pgfcomp-version-1-18
.sty
Package: pgfcomp-version-1-18 2007/07/23 v3.0.1a (rcs-revision 1.1)
)) (/usr/share/texlive/texmf-dist/tex/latex/pgf/utilities/pgffor.sty
(/usr/share/texlive/texmf-dist/tex/latex/pgf/math/pgfmath.sty
(/usr/share/texlive/texmf-dist/tex/generic/pgf/math/pgfmath.code.tex))
(/usr/share/texlive/texmf-dist/tex/generic/pgf/utilities/pgffor.code.tex
Package: pgffor 2013/12/13 v3.0.1a (rcs-revision 1.25)

(/usr/share/texlive/texmf-dist/tex/generic/pgf/math/pgfmath.code.tex)
\pgffor@iter=\dimen192
\pgffor@skip=\dimen193
\pgffor@stack=\toks45
\pgffor@toks=\toks46
))
(/usr/share/texlive/texmf-dist/tex/generic/pgf/frontendlayer/tikz/tikz.code.tex
Package: tikz 2015/08/07 v3.0.1a (rcs-revision 1.151)

(/usr/share/texlive/texmf-dist/tex/generic/pgf/libraries/pgflibraryplothandlers
.code.tex
File: pgflibraryplothandlers.code.tex 2013/08/31 v3.0.1a (rcs-revision 1.20)
\pgf@plot@mark@count=\count159
\pgfplotmarksize=\dimen194
)
\tikz@lastx=\dimen195
\tikz@lasty=\dimen196
\tikz@lastxsaved=\dimen197
\tikz@lastysaved=\dimen198
\tikzleveldistance=\dimen199
\tikzsiblingdistance=\dimen256
\tikz@figbox=\box55
\tikz@figbox@bg=\box56
\tikz@tempbox=\box57
\tikz@tempbox@bg=\box58
\tikztreelevel=\count160
\tikznumberofchildren=\count161
\tikznumberofcurrentchild=\count162
\tikz@fig@count=\count163

(/usr/share/texlive/texmf-dist/tex/generic/pgf/modules/pgfmodulematrix.code.tex
File: pgfmodulematrix.code.tex 2013/09/17  (rcs-revision 1.8)
\pgfmatrixcurrentrow=\count164
\pgfmatrixcurrentcolumn=\count165
\pgf@matrix@numberofcolumns=\count166
)
\tikz@expandcount=\count167

(/usr/share/texlive/texmf-dist/tex/generic/pgf/frontendlayer/tikz/libraries/tik
zlibrarytopaths.code.tex
File: tikzlibrarytopaths.code.tex 2008/06/17 v3.0.1a (rcs-revision 1.2)
)))
\metropolis@progressonsectionpage=\skip60
\metropolis@blocksep=\skip61
\metropolis@blockadjust=\skip62
\metropolis@parskip=\skip63
)
(/usr/share/texlive/texmf-dist/tex/latex/beamertheme-metropolis/beamerouterthem
emetropolis.sty
Package: beamerouterthememetropolis 2016/03/14 Metropolis outer theme
\metropolis@frametitle@padding=\skip64
\metropolis@progressinheadfoot=\skip65
)
(/usr/share/texlive/texmf-dist/tex/latex/beamertheme-metropolis/beamercolorthem
emetropolis.sty
Package: beamercolorthememetropolis 2016/03/14 Metropolis color theme
)
(/usr/share/texlive/texmf-dist/tex/latex/beamertheme-metropolis/beamerfonttheme
metropolis.sty
Package: beamerfontthememetropolis 2016/03/14 Metropolis font theme
 (/usr/share/texlive/texmf-dist/tex/latex/fontspec/fontspec.sty
(/usr/share/texlive/texmf-dist/tex/latex/l3kernel/expl3.sty
Package: expl3 2016/01/19 v6377 L3 programming layer (loader) 

(/usr/share/texlive/texmf-dist/tex/latex/l3kernel/expl3-code.tex
Package: expl3 2016/01/19 v6377 L3 programming layer (code)
L3 Module: l3bootstrap 2016/01/01 v6339 L3 Bootstrap code
L3 Module: l3names 2015/12/21 v6328 L3 Namespace for primitives
L3 Module: l3basics 2015/11/22 v6315 L3 Basic definitions
L3 Module: l3expan 2015/09/10 v5983 L3 Argument expansion
L3 Module: l3tl 2015/09/29 v6121 L3 Token lists
L3 Module: l3str 2016/01/03 v6357 L3 Strings
L3 Module: l3seq 2015/08/05 v5777 L3 Sequences and stacks
L3 Module: l3int 2016/01/05 v6366 L3 Integers
\c_max_int=\count168
\l_tmpa_int=\count169
\l_tmpb_int=\count170
\g_tmpa_int=\count171
\g_tmpb_int=\count172
L3 Module: l3quark 2015/08/17 v5855 L3 Quarks
L3 Module: l3prg 2015/11/01 v6216 L3 Control structures
\g__prg_map_int=\count173
L3 Module: l3clist 2015/09/02 v5901 L3 Comma separated lists
L3 Module: l3token 2015/11/11 v6249 L3 Experimental token manipulation
L3 Module: l3prop 2016/01/05 v6366 L3 Property lists
L3 Module: l3msg 2015/09/28 v6113 L3 Messages
L3 Module: l3file 2015/12/03 v6317 L3 File and I/O operations
\l_iow_line_count_int=\count174
\l__iow_target_count_int=\count175
\l__iow_current_line_int=\count176
\l__iow_current_word_int=\count177
\l__iow_current_indentation_int=\count178
L3 Module: l3skip 2016/01/05 v6366 L3 Dimensions and skips
\c_zero_dim=\dimen257
\c_max_dim=\dimen258
\l_tmpa_dim=\dimen259
\l_tmpb_dim=\dimen260
\g_tmpa_dim=\dimen261
\g_tmpb_dim=\dimen262
\c_zero_skip=\skip66
\c_max_skip=\skip67
\l_tmpa_skip=\skip68
\l_tmpb_skip=\skip69
\g_tmpa_skip=\skip70
\g_tmpb_skip=\skip71
\c_zero_muskip=\muskip12
\c_max_muskip=\muskip13
\l_tmpa_muskip=\muskip14
\l_tmpb_muskip=\muskip15
\g_tmpa_muskip=\muskip16
\g_tmpb_muskip=\muskip17
L3 Module: l3keys 2015/11/17 v6284 L3 Key-value interfaces
\g__keyval_level_int=\count179
\l_keys_choice_int=\count180
L3 Module: l3fp 2015/08/25 v5890 L3 Floating points
\c__fp_leading_shift_int=\count181
\c__fp_middle_shift_int=\count182
\c__fp_trailing_shift_int=\count183
\c__fp_big_leading_shift_int=\count184
\c__fp_big_middle_shift_int=\count185
\c__fp_big_trailing_shift_int=\count186
\c__fp_Bigg_leading_shift_int=\count187
\c__fp_Bigg_middle_shift_int=\count188
\c__fp_Bigg_trailing_shift_int=\count189
L3 Module: l3box 2015/08/09 v5822 L3 Experimental boxes
\c_empty_box=\box59
\l_tmpa_box=\box60
\l_tmpb_box=\box61
\g_tmpa_box=\box62
\g_tmpb_box=\box63
L3 Module: l3coffins 2015/08/06 v5789 L3 Coffin code layer
\l__coffin_internal_box=\box64
\l__coffin_internal_dim=\dimen263
\l__coffin_offset_x_dim=\dimen264
\l__coffin_offset_y_dim=\dimen265
\l__coffin_x_dim=\dimen266
\l__coffin_y_dim=\dimen267
\l__coffin_x_prime_dim=\dimen268
\l__coffin_y_prime_dim=\dimen269
\c_empty_coffin=\box65
\l__coffin_aligned_coffin=\box66
\l__coffin_aligned_internal_coffin=\box67
\l_tmpa_coffin=\box68
\l_tmpb_coffin=\box69
\l__coffin_display_coffin=\box70
\l__coffin_display_coord_coffin=\box71
\l__coffin_display_pole_coffin=\box72
\l__coffin_display_offset_dim=\dimen270
\l__coffin_display_x_dim=\dimen271
\l__coffin_display_y_dim=\dimen272
L3 Module: l3color 2014/08/23 v5354 L3 Experimental color support
L3 Module: l3sys 2015/09/25 v6087 L3 Experimental system/runtime functions
L3 Module: l3candidates 2016/01/14 v6376 L3 Experimental additions to l3kernel
\l__box_top_dim=\dimen273
\l__box_bottom_dim=\dimen274
\l__box_left_dim=\dimen275
\l__box_right_dim=\dimen276
\l__box_top_new_dim=\dimen277
\l__box_bottom_new_dim=\dimen278
\l__box_left_new_dim=\dimen279
\l__box_right_new_dim=\dimen280
\l__box_internal_box=\box73
\l__coffin_bounding_shift_dim=\dimen281
\l__coffin_left_corner_dim=\dimen282
\l__coffin_right_corner_dim=\dimen283
\l__coffin_bottom_corner_dim=\dimen284
\l__coffin_top_corner_dim=\dimen285
\l__coffin_scaled_total_height_dim=\dimen286
\l__coffin_scaled_width_dim=\dimen287
L3 Module: l3luatex 2015/11/11 v6250 L3 Experimental LuaTeX-specific functions
)
(/usr/share/texlive/texmf-dist/tex/latex/l3kernel/l3xdvipdfmx.def
File: l3xdvidpfmx.def 2015/11/11 v6250 L3 Experimental driver: xdvipdfmx
))
(/usr/share/texlive/texmf-dist/tex/latex/l3packages/xparse/xparse.sty
Package: xparse 2016/01/19 v6377 L3 Experimental document command parser
\l__xparse_current_arg_int=\count190
\l__xparse_m_args_int=\count191
\l__xparse_mandatory_args_int=\count192
\l__xparse_processor_int=\count193
\l__xparse_v_nesting_int=\count194
)
Package: fontspec 2016/02/01 v2.5a Font selection for XeLaTeX and LuaLaTeX

(/usr/share/texlive/texmf-dist/tex/latex/fontspec/fontspec-xetex.sty
Package: fontspec-xetex 2016/02/01 v2.5a Font selection for XeLaTeX and LuaLaTe
X
\l_fontspec_script_int=\count195
\l_fontspec_language_int=\count196
\l_fontspec_strnum_int=\count197
\l__fontspec_tmpa_dim=\dimen288
\l__fontspec_tmpb_dim=\dimen289
\l__fontspec_tmpc_dim=\dimen290
\g__file_internal_ior=\read2

(/usr/share/texlive/texmf-dist/tex/latex/base/fontenc.sty
Package: fontenc 2005/09/27 v1.99g Standard LaTeX package

(/usr/share/texlive/texmf-dist/tex/latex/euenc/eu1enc.def
File: eu1enc.def 2010/05/27 v0.1h Experimental Unicode font encodings
)
LaTeX Font Info:    Try loading font information for EU1+lmr on input line 105.


(/usr/share/texlive/texmf-dist/tex/latex/euenc/eu1lmr.fd
File: eu1lmr.fd 2009/10/30 v1.6 Font defs for Latin Modern
))
(/usr/share/texlive/texmf-dist/tex/xelatex/xunicode/xunicode.sty
File: xunicode.sty 2011/09/09 v0.981 provides access to latin accents and many 
other characters in Unicode lower plane

(/usr/share/texmf/tex/latex/tipa/t3enc.def
File: t3enc.def 2001/12/31 T3 encoding
LaTeX Font Info:    Try loading font information for EU1+lmss on input line 357
.

(/usr/share/texlive/texmf-dist/tex/latex/euenc/eu1lmss.fd
File: eu1lmss.fd 2009/10/30 v1.6 Font defs for Latin Modern
))
\tipaTiiicode=\count198
\tipasavetokens=\toks47
\tipachecktokens=\toks48
)
.................................................
. LaTeX info: "xparse/define-command"
. 
. Defining command \__fontspec_post_arg:w with sig. 'mmO{}' on line 353.
.................................................
.................................................
. LaTeX info: "xparse/define-command"
. 
. Defining command \fontspec with sig. 'om' on line 355.
.................................................
.................................................
. LaTeX info: "xparse/define-command"
. 
. Defining command \setmainfont with sig. 'om' on line 365.
.................................................
.................................................
. LaTeX info: "xparse/define-command"
. 
. Defining command \setsansfont with sig. 'om' on line 375.
.................................................
.................................................
. LaTeX info: "xparse/define-command"
. 
. Defining command \setmonofont with sig. 'om' on line 385.
.................................................
.................................................
. LaTeX info: "xparse/define-command"
. 
. Defining command \setmathrm with sig. 'om' on line 399.
.................................................
.................................................
. LaTeX info: "xparse/define-command"
. 
. Defining command \setboldmathrm with sig. 'om' on line 407.
.................................................
.................................................
. LaTeX info: "xparse/define-command"
. 
. Defining command \setmathsf with sig. 'om' on line 415.
.................................................
.................................................
. LaTeX info: "xparse/define-command"
. 
. Defining command \setmathtt with sig. 'om' on line 423.
.................................................
.................................................
. LaTeX info: "xparse/define-command"
. 
. Defining command \newfontfamily with sig. 'mom' on line 437.
.................................................
.................................................
. LaTeX info: "xparse/define-command"
. 
. Defining command \newfontface with sig. 'mom' on line 453.
.................................................
.................................................
. LaTeX info: "xparse/define-command"
. 
. Defining command \defaultfontfeatures with sig. 't+om' on line 467.
.................................................
.................................................
. LaTeX info: "xparse/define-command"
. 
. Defining command \addfontfeatures with sig. 'm' on line 529.
.................................................
.................................................
. LaTeX info: "xparse/define-command"
. 
. Defining command \newfontfeature with sig. 'mm' on line 540.
.................................................
.................................................
. LaTeX info: "xparse/define-command"
. 
. Defining command \newAATfeature with sig. 'mmmm' on line 548.
.................................................
.................................................
. LaTeX info: "xparse/define-command"
. 
. Defining command \newopentypefeature with sig. 'mmm' on line 556.
.................................................
.................................................
. LaTeX info: "xparse/define-command"
. 
. Defining command \aliasfontfeature with sig. 'mm' on line 577.
.................................................
.................................................
. LaTeX info: "xparse/define-command"
. 
. Defining command \aliasfontfeatureoption with sig. 'mmm' on line 586.
.................................................
.................................................
. LaTeX info: "xparse/define-command"
. 
. Defining command \newfontscript with sig. 'mm' on line 590.
.................................................
.................................................
. LaTeX info: "xparse/define-command"
. 
. Defining command \newfontlanguage with sig. 'mm' on line 594.
.................................................
.................................................
. LaTeX info: "xparse/define-command"
. 
. Defining command \DeclareFontsExtensions with sig. 'm' on line 599.
.................................................
\l__fontspec_tmp_int=\count199

(/usr/share/texlive/texmf-dist/tex/latex/fontspec/fontspec.cfg)
LaTeX Info: Redefining \itshape on input line 2705.
LaTeX Info: Redefining \slshape on input line 2710.
LaTeX Info: Redefining \scshape on input line 2715.
LaTeX Info: Redefining \upshape on input line 2720.
\l__fontspec_em_int=\count266
\l__fontspec_emdef_int=\count267
LaTeX Info: Redefining \em on input line 2736.
LaTeX Info: Redefining \emph on input line 2742.
LaTeX Info: Redefining \- on input line 2746.
.................................................
. LaTeX info: "xparse/redefine-command"
. 
. Redefining command \oldstylenums with sig. 'm' on line 2841.
.................................................
.................................................
. LaTeX info: "xparse/define-command"
. 
. Defining command \liningnums with sig. 'm' on line 2845.
.................................................
))
\c@fontsnotfound=\count268


Package beamerthememetropolis Warning: Could not find Fira Sans fonts on input 
line 91.


Package beamerthememetropolis Warning: Could not find Fira Mono fonts on input 
line 91.

))
(/usr/share/texlive/texmf-dist/tex/latex/appendixnumberbeamer/appendixnumberbea
mer.sty
Invalid UTF-8 byte or sequence at line 3 replaced by U+FFFD.
Invalid UTF-8 byte or sequence at line 3 replaced by U+FFFD.
) (/usr/share/texlive/texmf-dist/tex/latex/animate/animate.sty
Package: animate 2016/03/15 PDF animations from files and inline graphics

(/usr/share/texlive/texmf-dist/tex/latex/base/ifthen.sty
Package: ifthen 2014/09/29 v1.1c Standard LaTeX ifthen package (DPC)
)
(/usr/share/texlive/texmf-dist/tex/latex/oberdiek/ifdraft.sty
Package: ifdraft 2008/08/11 v1.3 Detect class options draft and final (HO)
)
(/usr/share/texlive/texmf-dist/tex/latex/oberdiek/atenddvi.sty
Package: atenddvi 2007/04/17 v1.1 At end DVI hook (HO)

(/usr/share/texlive/texmf-dist/tex/latex/oberdiek/zref-abspage.sty
Package: zref-abspage 2012/04/04 v2.24 Module abspage for zref (HO)

(/usr/share/texlive/texmf-dist/tex/latex/oberdiek/zref-base.sty
Package: zref-base 2012/04/04 v2.24 Module base for zref (HO)
Package zref Info: New property list: main on input line 759.
Package zref Info: New property: default on input line 760.
Package zref Info: New property: page on input line 761.
)
\c@abspage=\count269
Package zref Info: New property: abspage on input line 62.
)
(/usr/share/texlive/texmf-dist/tex/latex/oberdiek/zref-lastpage.sty
Package: zref-lastpage 2012/04/04 v2.24 Module lastpage for zref (HO)
Package zref Info: New property list: LastPage on input line 55.
))
(/usr/share/texlive/texmf-dist/tex/latex/animate/animfp.sty
Package: animfp 2009/07/23 fixed point addition for animate.sty
\afp@xs=\count270
\afp@xia=\count271
\afp@xib=\count272
\afp@xfa=\count273
\afp@xfb=\count274
\afp@rega=\count275
\afp@regb=\count276
\afp@regs=\count277
)
(/usr/share/texlive/texmf-dist/tex/latex/media9/pdfbase.sty
(/usr/share/texlive/texmf-dist/tex/latex/l3experimental/l3str/l3regex.sty
Package: l3regex 2016/01/19 v6377 L3 Experimental regular expressions

(/usr/share/texlive/texmf-dist/tex/latex/l3experimental/l3str/l3tl-build.sty
Package: l3tl-build 2016/01/19 v6377 L3 Experimental token list construction
\l__tl_build_start_index_int=\count278
\l__tl_build_index_int=\count279
)
(/usr/share/texlive/texmf-dist/tex/latex/l3experimental/l3str/l3tl-analysis.sty
Package: l3tl-analysis 2015/11/09 v6244 L3 Experimental token lists analysis
\l__tl_analysis_normal_int=\count280
\l__tl_analysis_index_int=\count281
\l__tl_analysis_nesting_int=\count282
\l__tl_analysis_type_int=\count283
) (/usr/share/texlive/texmf-dist/tex/latex/l3experimental/l3str/l3flag.sty
Package: l3flag 2016/01/19 v6377 L3 Experimental flags
)
(/usr/share/texlive/texmf-dist/tex/latex/l3experimental/l3str/l3str-convert.sty
Package: l3str-convert 2015/09/26 v6106 L3 Experimental string encoding convers
ions
\l__str_internal_int=\count284
)
\l__regex_internal_a_int=\count285
\l__regex_internal_b_int=\count286
\l__regex_internal_c_int=\count287
\l__regex_balance_int=\count288
\l__regex_group_level_int=\count289
\l__regex_mode_int=\count290
\l__regex_catcodes_int=\count291
\l__regex_default_catcodes_int=\count292
\c__regex_catcode_L_int=\count293
\c__regex_catcode_O_int=\count294
\c__regex_catcode_A_int=\count295
\c__regex_all_catcodes_int=\count296
\l__regex_show_lines_int=\count297
\l__regex_min_state_int=\count298
\l__regex_max_state_int=\count299
\l__regex_left_state_int=\count300
\l__regex_right_state_int=\count301
\l__regex_capturing_group_int=\count302
\l__regex_min_pos_int=\count303
\l__regex_max_pos_int=\count304
\l__regex_current_pos_int=\count305
\l__regex_start_pos_int=\count306
\l__regex_success_pos_int=\count307
\l__regex_current_char_int=\count308
\l__regex_current_catcode_int=\count309
\l__regex_last_char_int=\count310
\l__regex_case_changed_char_int=\count311
\l__regex_current_state_int=\count312
\l__regex_step_int=\count313
\l__regex_min_active_int=\count314
\l__regex_max_active_int=\count315
\l__regex_replacement_csnames_int=\count316
\l__regex_match_count_int=\count317
\l__regex_submatch_int=\count318
\l__regex_zeroth_submatch_int=\count319
) (/usr/share/texlive/texmf-dist/tex/latex/l3packages/l3keys2e/l3keys2e.sty
Package: l3keys2e 2016/01/19 v6377 LaTeX2e option processing using LaTeX3 keys
)
Package: pdfbase 2016/03/11 v0.7 driver independent access to low-level PDF fea
tures
\g_pbs_obj_int=\count320
\g_pbs_oc_int=\count321
)
(/usr/share/texlive/texmf-dist/tex/latex/ocgx2/ocgbase.sty
Package: ocgbase 2016/03/11 v0.6 support package for ocgx2.sty
)
\@anim@box=\box74
\@anim@measbox=\box75
\@anim@tmpdima=\dimen291
\@anim@tmpdimb=\dimen292
\@anim@num=\count322
\@anim@curframe=\count323
\@anim@curframe@zb=\count324
\@anim@resizeflags=\count325
\@anim@skipfram=\count326
\@anim@mulframecnt=\count327
\@anim@@tmlnfile=\read3
\@anim@tmpcnt=\count328
\c@@anim@ltxcnt=\count329
\@anim@curlayer=\count330
\@anim@lineno=\count331
\@anim@curfield=\count332
\@anim@@resizeflags=\count333
)
(/usr/share/texlive/texmf-dist/tex/latex/booktabs/booktabs.sty
Package: booktabs 2005/04/14 v1.61803 publication quality tables
\heavyrulewidth=\dimen293
\lightrulewidth=\dimen294
\cmidrulewidth=\dimen295
\belowrulesep=\dimen296
\belowbottomsep=\dimen297
\aboverulesep=\dimen298
\abovetopsep=\dimen299
\cmidrulesep=\dimen300
\cmidrulekern=\dimen301
\defaultaddspace=\dimen302
\@cmidla=\count334
\@cmidlb=\count335
\@aboverulesep=\dimen303
\@belowrulesep=\dimen304
\@thisruleclass=\count336
\@lastruleclass=\count337
\@thisrulewidth=\dimen305
)
(/usr/share/texlive/texmf-dist/tex/latex/ccicons/ccicons.sty
Package: ccicons 2013/04/16 v1.5 LaTeX support for Creative Commons icons

(/usr/share/texlive/texmf-dist/tex/latex/xkeyval/xkeyval.sty
Package: xkeyval 2014/12/03 v2.7a package option processing (HA)

(/usr/share/texlive/texmf-dist/tex/generic/xkeyval/xkeyval.tex
(/usr/share/texlive/texmf-dist/tex/generic/xkeyval/xkvutils.tex
\XKV@toks=\toks49
\XKV@tempa@toks=\toks50
)
\XKV@depth=\count338
File: xkeyval.tex 2014/12/03 v2.7a key=value parser (HA)
)))
(/usr/share/texlive/texmf-dist/tex/latex/pgfplots/pgfplots.sty
(/usr/share/texlive/texmf-dist/tex/generic/pgfplots/pgfplots.revision.tex)
Package: pgfplots 2016/01/06 v1.13 Data Visualization (1.13)

(/usr/share/texlive/texmf-dist/tex/generic/pgfplots/pgfplots.code.tex
(/usr/share/texlive/texmf-dist/tex/generic/pgfplots/pgfplotscore.code.tex
\t@pgfplots@toka=\toks51
\t@pgfplots@tokb=\toks52
\t@pgfplots@tokc=\toks53
\pgfplots@tmpa=\dimen306
\c@pgfplots@coordindex=\count339
\c@pgfplots@scanlineindex=\count340

(/usr/share/texlive/texmf-dist/tex/generic/pgfplots/sys/pgfplotssysgeneric.code
.tex))
(/usr/share/texlive/texmf-dist/tex/generic/pgfplots/libs/pgfplotslibrary.code.t
ex)
(/usr/share/texlive/texmf-dist/tex/generic/pgfplots/oldpgfcompatib/pgfplotsoldp
gfsupp_loader.code.tex
(/usr/share/texlive/texmf-dist/tex/generic/pgf/libraries/pgflibraryfpu.code.tex
)
Package pgfplots: loading complementary arithmetics for your pgf version...

(/usr/share/texlive/texmf-dist/tex/generic/pgfplots/oldpgfcompatib/pgfplotsoldp
gfsupp_pgflibraryfpu.code.tex)
(/usr/share/texlive/texmf-dist/tex/generic/pgfplots/oldpgfcompatib/pgfplotsoldp
gfsupp_pgfmathfloat.code.tex
\c@pgfmathroundto@lastzeros=\count341
))
(/usr/share/texlive/texmf-dist/tex/generic/pgfplots/util/pgfplotsutil.code.tex
(/usr/share/texlive/texmf-dist/tex/generic/pgfplots/liststructure/pgfplotslists
tructure.code.tex)
(/usr/share/texlive/texmf-dist/tex/generic/pgfplots/liststructure/pgfplotslists
tructureext.code.tex)
(/usr/share/texlive/texmf-dist/tex/generic/pgfplots/liststructure/pgfplotsarray
.code.tex
\c@pgfplotsarray@tmp=\count342
)
(/usr/share/texlive/texmf-dist/tex/generic/pgfplots/liststructure/pgfplotsmatri
x.code.tex)
(/usr/share/texlive/texmf-dist/tex/generic/pgfplots/numtable/pgfplotstableshare
d.code.tex
\c@pgfplotstable@counta=\count343
\t@pgfplotstable@a=\toks54
)
(/usr/share/texlive/texmf-dist/tex/generic/pgfplots/liststructure/pgfplotsdeque
.code.tex)
(/usr/share/texlive/texmf-dist/tex/generic/pgfplots/util/pgfplotsbinary.code.te
x
(/usr/share/texlive/texmf-dist/tex/generic/pgfplots/util/pgfplotsbinary.data.co
de.tex))
(/usr/share/texlive/texmf-dist/tex/generic/pgfplots/util/pgfplotsutil.verb.code
.tex)
(/usr/share/texlive/texmf-dist/tex/generic/pgfplots/libs/pgflibrarypgfplots.sur
fshading.code.tex
\c@pgfplotslibrarysurf@no=\count344

(/usr/share/texlive/texmf-dist/tex/generic/pgfplots/sys/pgflibrarypgfplots.surf
shading.pgfsys-xetex.def
(/usr/share/texlive/texmf-dist/tex/generic/pgfplots/sys/pgflibrarypgfplots.surf
shading.pgfsys-dvipdfmx.def
\c@pgfplotslibrarysurf@streamlen=\count345
))))
(/usr/share/texlive/texmf-dist/tex/generic/pgfplots/util/pgfplotscolormap.code.
tex
(/usr/share/texlive/texmf-dist/tex/generic/pgfplots/util/pgfplotscolor.code.tex
))
(/usr/share/texlive/texmf-dist/tex/generic/pgfplots/pgfplotsstackedplots.code.t
ex)
(/usr/share/texlive/texmf-dist/tex/generic/pgfplots/pgfplotsplothandlers.code.t
ex
(/usr/share/texlive/texmf-dist/tex/generic/pgfplots/pgfplotsmeshplothandler.cod
e.tex
(/usr/share/texlive/texmf-dist/tex/generic/pgfplots/pgfplotsmeshplotimage.code.
tex)))
(/usr/share/texlive/texmf-dist/tex/generic/pgfplots/pgfplots.scaling.code.tex)
(/usr/share/texlive/texmf-dist/tex/generic/pgfplots/pgfplotscoordprocessing.cod
e.tex)
(/usr/share/texlive/texmf-dist/tex/generic/pgfplots/pgfplots.errorbars.code.tex
) (/usr/share/texlive/texmf-dist/tex/generic/pgfplots/pgfplots.markers.code.tex
) (/usr/share/texlive/texmf-dist/tex/generic/pgfplots/pgfplotsticks.code.tex)
(/usr/share/texlive/texmf-dist/tex/generic/pgfplots/pgfplots.paths.code.tex)
(/usr/share/texlive/texmf-dist/tex/generic/pgf/frontendlayer/tikz/libraries/tik
zlibrarydecorations.code.tex
(/usr/share/texlive/texmf-dist/tex/generic/pgf/modules/pgfmoduledecorations.cod
e.tex
\pgfdecoratedcompleteddistance=\dimen307
\pgfdecoratedremainingdistance=\dimen308
\pgfdecoratedinputsegmentcompleteddistance=\dimen309
\pgfdecoratedinputsegmentremainingdistance=\dimen310
\pgf@decorate@distancetomove=\dimen311
\pgf@decorate@repeatstate=\count346
\pgfdecorationsegmentamplitude=\dimen312
\pgfdecorationsegmentlength=\dimen313
)
\tikz@lib@dec@box=\box76
)
(/usr/share/texlive/texmf-dist/tex/generic/pgf/frontendlayer/tikz/libraries/tik
zlibrarydecorations.pathmorphing.code.tex
(/usr/share/texlive/texmf-dist/tex/generic/pgf/libraries/decorations/pgflibrary
decorations.pathmorphing.code.tex))
(/usr/share/texlive/texmf-dist/tex/generic/pgf/frontendlayer/tikz/libraries/tik
zlibrarydecorations.pathreplacing.code.tex
(/usr/share/texlive/texmf-dist/tex/generic/pgf/libraries/decorations/pgflibrary
decorations.pathreplacing.code.tex))
\pgfplots@numplots=\count347
\pgfplots@xmin@reg=\dimen314
\pgfplots@xmax@reg=\dimen315
\pgfplots@ymin@reg=\dimen316
\pgfplots@ymax@reg=\dimen317
\pgfplots@zmin@reg=\dimen318
\pgfplots@zmax@reg=\dimen319
)
(/usr/share/texlive/texmf-dist/tex/generic/pgf/frontendlayer/tikz/libraries/tik
zlibraryplotmarks.code.tex
File: tikzlibraryplotmarks.code.tex 2008/01/09 v3.0.1a (rcs-revision 1.1)

(/usr/share/texlive/texmf-dist/tex/generic/pgf/libraries/pgflibraryplotmarks.co
de.tex
File: pgflibraryplotmarks.code.tex 2015/08/03 v3.0.1a (rcs-revision 1.14)
)))
(/usr/share/texlive/texmf-dist/tex/generic/pgfplots/libs/tikzlibrarypgfplots.da
teplot.code.tex
(/usr/share/texlive/texmf-dist/tex/latex/pgf/utilities/pgfcalendar.sty
(/usr/share/texlive/texmf-dist/tex/generic/pgf/utilities/pgfcalendar.code.tex
File: pgfcalendar.code.tex 2007/07/23 v3.0.1a (rcs-revision 1.11)
\pgfcalendarcurrentjulian=\count348
))) (/usr/share/texlive/texmf-dist/tex/latex/pgfgantt/pgfgantt.sty
Package: pgfgantt 2013/06/01 v4.0 Draw Gantt diagrams with TikZ

(/usr/share/texlive/texmf-dist/tex/generic/pgf/frontendlayer/tikz/libraries/tik
zlibraryarrows.code.tex
File: tikzlibraryarrows.code.tex 2008/01/09 v3.0.1a (rcs-revision 1.1)

(/usr/share/texlive/texmf-dist/tex/generic/pgf/libraries/pgflibraryarrows.code.
tex
File: pgflibraryarrows.code.tex 2013/09/23 v3.0.1a (rcs-revision 1.16)
\arrowsize=\dimen320
))
(/usr/share/texlive/texmf-dist/tex/generic/pgf/frontendlayer/tikz/libraries/tik
zlibrarybackgrounds.code.tex
File: tikzlibrarybackgrounds.code.tex 2013/07/18 v3.0.1a (rcs-revision 1.3)
\pgf@layerbox@background=\box77
\pgf@layerboxsaved@background=\box78
)
(/usr/share/texlive/texmf-dist/tex/generic/pgf/frontendlayer/tikz/libraries/tik
zlibrarycalc.code.tex
File: tikzlibrarycalc.code.tex 2013/07/15 v3.0.1a (rcs-revision 1.9)
)
(/usr/share/texlive/texmf-dist/tex/generic/pgf/frontendlayer/tikz/libraries/tik
zlibrarypatterns.code.tex
File: tikzlibrarypatterns.code.tex 2008/01/15 v3.0.1a (rcs-revision 1.2)

(/usr/share/texlive/texmf-dist/tex/generic/pgf/libraries/pgflibrarypatterns.cod
e.tex
File: pgflibrarypatterns.code.tex 2008/03/03 v3.0.1a (rcs-revision 1.13)
))
(/usr/share/texlive/texmf-dist/tex/generic/pgf/frontendlayer/tikz/libraries/tik
zlibrarypositioning.code.tex
File: tikzlibrarypositioning.code.tex 2008/10/06 v3.0.1a (rcs-revision 1.7)
)
(/usr/share/texlive/texmf-dist/tex/generic/pgf/frontendlayer/tikz/libraries/tik
zlibraryshapes.geometric.code.tex
File: tikzlibraryshapes.geometric.code.tex 2008/01/09 v3.0.1a (rcs-revision 1.1
)

(/usr/share/texlive/texmf-dist/tex/generic/pgf/libraries/shapes/pgflibraryshape
s.geometric.code.tex
File: pgflibraryshapes.geometric.code.tex 2008/06/26 v3.0.1a (rcs-revision 1.1)

))
\gtt@currentline=\count349
\gtt@lasttitleline=\count350
\gtt@currgrid=\count351
\gtt@chartwidth=\count352
\gtt@lasttitleslot=\count353
\gtt@elementid=\count354
\gtt@today@slot=\count355
\gtt@startjulian=\count356
\gtt@endjulian=\count357
\gtt@calendar@slots=\count358
\gtt@calendar@weeknumber=\count359
\gtt@calendar@startofweek=\count360
\gtt@left@slot=\count361
\gtt@right@slot=\count362
)
(/usr/share/texlive/texmf-dist/tex/latex/tools/xspace.sty
Package: xspace 2014/10/28 v1.13 Space after command names (DPC,MH)
)
(/usr/share/texlive/texmf-dist/tex/latex/beamertheme-metropolis/pgfplotsthemeto
l.sty
Package: pgfplotsthemetol 2016/03/14 PGFplots colors based on Paul Tol's SRON t
echnical note
) (./demo.aux)
\openout1 = `demo.aux'.

LaTeX Font Info:    Checking defaults for OML/cmm/m/it on input line 25.
LaTeX Font Info:    ... okay on input line 25.
LaTeX Font Info:    Checking defaults for T1/cmr/m/n on input line 25.
LaTeX Font Info:    ... okay on input line 25.
LaTeX Font Info:    Checking defaults for OT1/cmr/m/n on input line 25.
LaTeX Font Info:    ... okay on input line 25.
LaTeX Font Info:    Checking defaults for OMS/cmsy/m/n on input line 25.
LaTeX Font Info:    ... okay on input line 25.
LaTeX Font Info:    Checking defaults for OMX/cmex/m/n on input line 25.
LaTeX Font Info:    ... okay on input line 25.
LaTeX Font Info:    Checking defaults for U/cmr/m/n on input line 25.
LaTeX Font Info:    ... okay on input line 25.
LaTeX Font Info:    Checking defaults for PD1/pdf/m/n on input line 25.
LaTeX Font Info:    ... okay on input line 25.
LaTeX Font Info:    Checking defaults for PU/pdf/m/n on input line 25.
LaTeX Font Info:    ... okay on input line 25.
LaTeX Font Info:    Checking defaults for EU1/lmr/m/n on input line 25.
LaTeX Font Info:    ... okay on input line 25.
LaTeX Font Info:    Checking defaults for T3/cmr/m/n on input line 25.
LaTeX Font Info:    Try loading font information for T3+cmr on input line 25.
 (/usr/share/texmf/tex/latex/tipa/t3cmr.fd
File: t3cmr.fd 2001/12/31 TIPA font definitions
)
LaTeX Font Info:    ... okay on input line 25.

*geometry* driver: auto-detecting
*geometry* detected driver: xetex
*geometry* verbose mode - [ preamble ] result:
* driver: xetex
* paper: custom
* layout: <same size as paper>
* layoutoffset:(h,v)=(0.0pt,0.0pt)
* modes: includehead includefoot 
* h-part:(L,W,R)=(28.45274pt, 307.28987pt, 28.45274pt)
* v-part:(T,H,B)=(0.0pt, 273.14662pt, 0.0pt)
* \paperwidth=364.19536pt
* \paperheight=273.14662pt
* \textwidth=307.28987pt
* \textheight=244.6939pt
* \oddsidemargin=-43.81725pt
* \evensidemargin=-43.81725pt
* \topmargin=-72.26999pt
* \headheight=14.22636pt
* \headsep=0.0pt
* \topskip=10.0pt
* \footskip=14.22636pt
* \marginparwidth=3.0pt
* \marginparsep=11.0pt
* \columnsep=10.0pt
* \skip\footins=9.0pt plus 4.0pt minus 2.0pt
* \hoffset=0.0pt
* \voffset=0.0pt
* \mag=1000
* \@twocolumnfalse
* \@twosidefalse
* \@mparswitchfalse
* \@reversemarginfalse
* (1in=72.27pt=25.4mm, 1cm=28.453pt)

ABD: EveryShipout initializing macros
\AtBeginShipoutBox=\box79
Package hyperref Info: Link coloring OFF on input line 25.

(/usr/share/texlive/texmf-dist/tex/latex/hyperref/nameref.sty
Package: nameref 2012/10/27 v2.43 Cross-referencing by name of section

(/usr/share/texlive/texmf-dist/tex/generic/oberdiek/gettitlestring.sty
Package: gettitlestring 2010/12/03 v1.4 Cleanup title references (HO)
)
\c@section@level=\count363
)
LaTeX Info: Redefining \ref on input line 25.
LaTeX Info: Redefining \pageref on input line 25.
LaTeX Info: Redefining \nameref on input line 25.

(./demo.out) (./demo.out)
\@outlinefile=\write5
\openout5 = `demo.out'.

LaTeX Font Info:    Overwriting symbol font `operators' in version `normal'
(Font)                  OT1/cmr/m/n --> OT1/cmss/m/n on input line 25.
LaTeX Font Info:    Overwriting symbol font `operators' in version `bold'
(Font)                  OT1/cmr/bx/n --> OT1/cmss/bx/n on input line 25.
\symnumbers=\mathgroup6
\sympureletters=\mathgroup7
LaTeX Font Info:    Overwriting math alphabet `\mathrm' in version `normal'
(Font)                  OT1/cmss/m/n --> EU1/lmr/m/n on input line 25.
LaTeX Font Info:    Redeclaring math alphabet \mathbf on input line 25.
LaTeX Font Info:    Overwriting math alphabet `\mathbf' in version `normal'
(Font)                  OT1/cmr/bx/n --> EU1/lmss/bx/n on input line 25.
LaTeX Font Info:    Overwriting math alphabet `\mathbf' in version `bold'
(Font)                  OT1/cmr/bx/n --> EU1/lmss/bx/n on input line 25.
LaTeX Font Info:    Redeclaring math alphabet \mathsf on input line 25.
LaTeX Font Info:    Overwriting math alphabet `\mathsf' in version `normal'
(Font)                  OT1/cmss/m/n --> EU1/lmss/m/n on input line 25.
LaTeX Font Info:    Overwriting math alphabet `\mathsf' in version `bold'
(Font)                  OT1/cmss/bx/n --> EU1/lmss/m/n on input line 25.
LaTeX Font Info:    Redeclaring math alphabet \mathit on input line 25.
LaTeX Font Info:    Overwriting math alphabet `\mathit' in version `normal'
(Font)                  OT1/cmr/m/it --> EU1/lmss/m/it on input line 25.
LaTeX Font Info:    Overwriting math alphabet `\mathit' in version `bold'
(Font)                  OT1/cmr/bx/it --> EU1/lmss/m/it on input line 25.
LaTeX Font Info:    Redeclaring math alphabet \mathtt on input line 25.
LaTeX Font Info:    Overwriting math alphabet `\mathtt' in version `normal'
(Font)                  OT1/cmtt/m/n --> EU1/lmtt/m/n on input line 25.
LaTeX Font Info:    Overwriting math alphabet `\mathtt' in version `bold'
(Font)                  OT1/cmtt/m/n --> EU1/lmtt/m/n on input line 25.
LaTeX Font Info:    Overwriting symbol font `numbers' in version `bold'
(Font)                  EU1/lmss/m/n --> EU1/lmss/bx/n on input line 25.
LaTeX Font Info:    Overwriting symbol font `pureletters' in version `bold'
(Font)                  EU1/lmss/m/it --> EU1/lmss/bx/it on input line 25.
LaTeX Font Info:    Overwriting math alphabet `\mathrm' in version `bold'
(Font)                  OT1/cmss/bx/n --> EU1/lmr/bx/n on input line 25.
LaTeX Font Info:    Overwriting math alphabet `\mathbf' in version `bold'
(Font)                  EU1/lmss/bx/n --> EU1/lmss/bx/n on input line 25.
LaTeX Font Info:    Overwriting math alphabet `\mathsf' in version `bold'
(Font)                  EU1/lmss/m/n --> EU1/lmss/bx/n on input line 25.
LaTeX Font Info:    Overwriting math alphabet `\mathit' in version `bold'
(Font)                  EU1/lmss/m/it --> EU1/lmss/bx/it on input line 25.
LaTeX Font Info:    Overwriting math alphabet `\mathtt' in version `bold'
(Font)                  EU1/lmtt/m/n --> EU1/lmtt/bx/n on input line 25.

(/usr/share/texlive/texmf-dist/tex/latex/beamer/translator/dicts/translator-bas
ic-dictionary/translator-basic-dictionary-English.dict
Dictionary: translator-basic-dictionary, Language: English 
)
(/usr/share/texlive/texmf-dist/tex/latex/beamer/translator/dicts/translator-bib
liography-dictionary/translator-bibliography-dictionary-English.dict
Dictionary: translator-bibliography-dictionary, Language: English 
)
(/usr/share/texlive/texmf-dist/tex/latex/beamer/translator/dicts/translator-env
ironment-dictionary/translator-environment-dictionary-English.dict
Dictionary: translator-environment-dictionary, Language: English 
)
(/usr/share/texlive/texmf-dist/tex/latex/beamer/translator/dicts/translator-mon
ths-dictionary/translator-months-dictionary-English.dict
Dictionary: translator-months-dictionary, Language: English 
)
(/usr/share/texlive/texmf-dist/tex/latex/beamer/translator/dicts/translator-num
bers-dictionary/translator-numbers-dictionary-English.dict
Dictionary: translator-numbers-dictionary, Language: English 
)
(/usr/share/texlive/texmf-dist/tex/latex/beamer/translator/dicts/translator-the
orem-dictionary/translator-theorem-dictionary-English.dict
Dictionary: translator-theorem-dictionary, Language: English 
)
LaTeX Info: Redefining \includegraphics on input line 25.

Package pgfplots notification 'compat/show suggested version=true': you might b
enefit from \pgfplotsset{compat=1.13} (current compat level: 1.9).

(./demo.nav)
Overfull \vbox (13.79993pt too high) detected at line 27
 []

[1

]
LaTeX Font Info:    Font shape `EU1/lmss/m/it' in size <10> not available
(Font)              Font shape `EU1/lmss/m/sl' tried instead on input line 70.
LaTeX Font Info:    Try loading font information for U+msa on input line 70.
 (/usr/share/texlive/texmf-dist/tex/latex/amsfonts/umsa.fd
File: umsa.fd 2013/01/14 v3.01 AMS symbols A
)
LaTeX Font Info:    Try loading font information for U+msb on input line 70.

(/usr/share/texlive/texmf-dist/tex/latex/amsfonts/umsb.fd
File: umsb.fd 2013/01/14 v3.01 AMS symbols B
)
LaTeX Font Info:    Font shape `EU1/lmss/m/it' in size <7> not available
(Font)              Font shape `EU1/lmss/m/sl' tried instead on input line 70.
LaTeX Font Info:    Font shape `EU1/lmss/m/it' in size <5> not available
(Font)              Font shape `EU1/lmss/m/sl' tried instead on input line 70.
LaTeX Font Info:    Font shape `EU1/lmss/m/it' in size <9> not available
(Font)              Font shape `EU1/lmss/m/sl' tried instead on input line 70.
LaTeX Font Info:    Font shape `EU1/lmss/m/it' in size <6> not available
(Font)              Font shape `EU1/lmss/m/sl' tried instead on input line 70.

Overfull \hbox (0.4pt too wide) in paragraph at lines 70--70
[][]  
 []


Overfull \vbox (28.06833pt too high) detected at line 70
 []

[2

]
\openout4 = `demo.vrb'.

 (./demo.vrb
File: manifolds.png Graphic file (type QTm)
 <use  "manifolds.png" >
LaTeX Font Info:    Try loading font information for EU1+lmtt on input line 6.

(/usr/share/texlive/texmf-dist/tex/latex/euenc/eu1lmtt.fd
File: eu1lmtt.fd 2009/10/30 v1.6 Font defs for Latin Modern
))
Overfull \hbox (0.4pt too wide) in paragraph at lines 104--104
[][]  
 []

[3

]
File: neo_retrieval.png Graphic file (type QTm)
 <use  "neo_retrieval.png" >
Overfull \hbox (0.4pt too wide) in paragraph at lines 112--112
[][]  
 []

[4

]
Overfull \hbox (0.4pt too wide) in paragraph at lines 139--139
[][]  
 []

[5

]
Overfull \hbox (0.4pt too wide) in paragraph at lines 148--148
[][]  
 []

[6

]
Missing character: There is no - in font nullfont!
Missing character: There is no 1 in font nullfont!
Missing character: There is no 2 in font nullfont!
Missing character: There is no - in font nullfont!
Missing character: There is no 1 in font nullfont!
Missing character: There is no 2 in font nullfont!

Overfull \hbox (0.4pt too wide) in paragraph at lines 189--189
[][]  
 []

[7

]
File: gif/manifolds-0.png Graphic file (type QTm)
 <use  "gif/manifolds-0.png" >
File: gif/manifolds-1.png Graphic file (type QTm)
 <use  "gif/manifolds-1.png" >
File: gif/manifolds-2.png Graphic file (type QTm)

<use  "gif/manifolds-2.png" >
File: gif/manifolds-3.png Graphic file (type QTm)
 <use  "gif/manifolds-3.png" >
File: gif/manifolds-4.png Graphic file (type QTm)

<use  "gif/manifolds-4.png" >
File: gif/manifolds-5.png Graphic file (type QTm)
 <use  "gif/manifolds-5.png" >
File: gif/manifolds-6.png Graphic file (type QTm)

<use  "gif/manifolds-6.png" >
File: gif/manifolds-7.png Graphic file (type QTm)
 <use  "gif/manifolds-7.png" >
File: gif/manifolds-8.png Graphic file (type QTm)

<use  "gif/manifolds-8.png" >
File: gif/manifolds-9.png Graphic file (type QTm)
 <use  "gif/manifolds-9.png" >
File: gif/manifolds-10.png Graphic file (type QTm)

<use  "gif/manifolds-10.png" >
File: gif/manifolds-11.png Graphic file (type QTm)
 <use  "gif/manifolds-11.png" >
File: gif/manifolds-12.png Graphic file (type QTm)

<use  "gif/manifolds-12.png" >
File: gif/manifolds-13.png Graphic file (type QTm)
 <use  "gif/manifolds-13.png" >
File: gif/manifolds-14.png Graphic file (type QTm)

<use  "gif/manifolds-14.png" >
File: gif/manifolds-15.png Graphic file (type QTm)
 <use  "gif/manifolds-15.png" >
File: gif/manifolds-16.png Graphic file (type QTm)

<use  "gif/manifolds-16.png" >
File: gif/manifolds-17.png Graphic file (type QTm)
 <use  "gif/manifolds-17.png" >
File: gif/manifolds-18.png Graphic file (type QTm)

<use  "gif/manifolds-18.png" >
File: gif/manifolds-19.png Graphic file (type QTm)
 <use  "gif/manifolds-19.png" >
File: gif/manifolds-20.png Graphic file (type QTm)

<use  "gif/manifolds-20.png" >
File: gif/manifolds-21.png Graphic file (type QTm)
 <use  "gif/manifolds-21.png" >
File: gif/manifolds-22.png Graphic file (type QTm)

<use  "gif/manifolds-22.png" >
File: gif/manifolds-23.png Graphic file (type QTm)
 <use  "gif/manifolds-23.png" >
File: gif/manifolds-24.png Graphic file (type QTm)

<use  "gif/manifolds-24.png" >
File: gif/manifolds-25.png Graphic file (type QTm)
 <use  "gif/manifolds-25.png" >
File: gif/manifolds-26.png Graphic file (type QTm)

<use  "gif/manifolds-26.png" >
File: gif/manifolds-27.png Graphic file (type QTm)
 <use  "gif/manifolds-27.png" >
File: gif/manifolds-28.png Graphic file (type QTm)

<use  "gif/manifolds-28.png" >
File: gif/manifolds-29.png Graphic file (type QTm)
 <use  "gif/manifolds-29.png" >
File: gif/manifolds-30.png Graphic file (type QTm)

<use  "gif/manifolds-30.png" >
File: gif/manifolds-31.png Graphic file (type QTm)
 <use  "gif/manifolds-31.png" >
File: gif/manifolds-32.png Graphic file (type QTm)

<use  "gif/manifolds-32.png" >
File: gif/manifolds-33.png Graphic file (type QTm)
 <use  "gif/manifolds-33.png" >
File: gif/manifolds-34.png Graphic file (type QTm)

<use  "gif/manifolds-34.png" >
File: gif/manifolds-35.png Graphic file (type QTm)
 <use  "gif/manifolds-35.png" >
File: gif/manifolds-36.png Graphic file (type QTm)

<use  "gif/manifolds-36.png" >
File: gif/manifolds-37.png Graphic file (type QTm)
 <use  "gif/manifolds-37.png" >
File: gif/manifolds-38.png Graphic file (type QTm)

<use  "gif/manifolds-38.png" >
File: gif/manifolds-39.png Graphic file (type QTm)
 <use  "gif/manifolds-39.png" >
File: gif/manifolds-40.png Graphic file (type QTm)

<use  "gif/manifolds-40.png" >
File: gif/manifolds-41.png Graphic file (type QTm)
 <use  "gif/manifolds-41.png" >
File: gif/manifolds-42.png Graphic file (type QTm)

<use  "gif/manifolds-42.png" >
File: gif/manifolds-43.png Graphic file (type QTm)
 <use  "gif/manifolds-43.png" >
File: gif/manifolds-44.png Graphic file (type QTm)

<use  "gif/manifolds-44.png" >
File: gif/manifolds-45.png Graphic file (type QTm)
 <use  "gif/manifolds-45.png" >
File: gif/manifolds-46.png Graphic file (type QTm)

<use  "gif/manifolds-46.png" >
File: gif/manifolds-47.png Graphic file (type QTm)
 <use  "gif/manifolds-47.png" >
File: gif/manifolds-48.png Graphic file (type QTm)

<use  "gif/manifolds-48.png" >
File: gif/manifolds-49.png Graphic file (type QTm)
 <use  "gif/manifolds-49.png" >
File: gif/manifolds-50.png Graphic file (type QTm)

<use  "gif/manifolds-50.png" >
File: gif/manifolds-51.png Graphic file (type QTm)
 <use  "gif/manifolds-51.png" >
File: gif/manifolds-52.png Graphic file (type QTm)

<use  "gif/manifolds-52.png" >
File: gif/manifolds-53.png Graphic file (type QTm)
 <use  "gif/manifolds-53.png" >
File: gif/manifolds-54.png Graphic file (type QTm)

<use  "gif/manifolds-54.png" >
File: gif/manifolds-55.png Graphic file (type QTm)
 <use  "gif/manifolds-55.png" >
File: gif/manifolds-56.png Graphic file (type QTm)

<use  "gif/manifolds-56.png" >
File: gif/manifolds-57.png Graphic file (type QTm)
 <use  "gif/manifolds-57.png" >
File: gif/manifolds-58.png Graphic file (type QTm)

<use  "gif/manifolds-58.png" >
File: gif/manifolds-59.png Graphic file (type QTm)
 <use  "gif/manifolds-59.png" >
File: gif/manifolds-60.png Graphic file (type QTm)

<use  "gif/manifolds-60.png" >
File: gif/manifolds-61.png Graphic file (type QTm)
 <use  "gif/manifolds-61.png" >
File: gif/manifolds-62.png Graphic file (type QTm)

<use  "gif/manifolds-62.png" >
File: gif/manifolds-63.png Graphic file (type QTm)
 <use  "gif/manifolds-63.png" >
File: gif/manifolds-64.png Graphic file (type QTm)

<use  "gif/manifolds-64.png" >
File: gif/manifolds-65.png Graphic file (type QTm)
 <use  "gif/manifolds-65.png" >
File: gif/manifolds-66.png Graphic file (type QTm)

<use  "gif/manifolds-66.png" >
File: gif/manifolds-67.png Graphic file (type QTm)
 <use  "gif/manifolds-67.png" >
File: gif/manifolds-68.png Graphic file (type QTm)

<use  "gif/manifolds-68.png" >
File: gif/manifolds-69.png Graphic file (type QTm)
 <use  "gif/manifolds-69.png" >
File: gif/manifolds-70.png Graphic file (type QTm)

<use  "gif/manifolds-70.png" >
File: gif/manifolds-71.png Graphic file (type QTm)
 <use  "gif/manifolds-71.png" >
File: gif/manifolds-72.png Graphic file (type QTm)

<use  "gif/manifolds-72.png" >
File: gif/manifolds-73.png Graphic file (type QTm)
 <use  "gif/manifolds-73.png" >
File: gif/manifolds-74.png Graphic file (type QTm)

<use  "gif/manifolds-74.png" >
File: gif/manifolds-75.png Graphic file (type QTm)
 <use  "gif/manifolds-75.png" >
File: gif/manifolds-76.png Graphic file (type QTm)

<use  "gif/manifolds-76.png" >
File: gif/manifolds-77.png Graphic file (type QTm)
 <use  "gif/manifolds-77.png" >
File: gif/manifolds-78.png Graphic file (type QTm)

<use  "gif/manifolds-78.png" >
File: gif/manifolds-79.png Graphic file (type QTm)
 <use  "gif/manifolds-79.png" >
File: gif/manifolds-80.png Graphic file (type QTm)

<use  "gif/manifolds-80.png" >
File: gif/manifolds-81.png Graphic file (type QTm)
 <use  "gif/manifolds-81.png" >
File: gif/manifolds-82.png Graphic file (type QTm)

<use  "gif/manifolds-82.png" >
File: gif/manifolds-83.png Graphic file (type QTm)
 <use  "gif/manifolds-83.png" >
File: gif/manifolds-84.png Graphic file (type QTm)

<use  "gif/manifolds-84.png" >
File: gif/manifolds-85.png Graphic file (type QTm)
 <use  "gif/manifolds-85.png" >
File: gif/manifolds-86.png Graphic file (type QTm)

<use  "gif/manifolds-86.png" >
File: gif/manifolds-87.png Graphic file (type QTm)
 <use  "gif/manifolds-87.png" >
File: gif/manifolds-88.png Graphic file (type QTm)

<use  "gif/manifolds-88.png" >
File: gif/manifolds-89.png Graphic file (type QTm)
 <use  "gif/manifolds-89.png" >
File: gif/manifolds-90.png Graphic file (type QTm)

<use  "gif/manifolds-90.png" >
File: gif/manifolds-91.png Graphic file (type QTm)
 <use  "gif/manifolds-91.png" >
File: gif/manifolds-92.png Graphic file (type QTm)

<use  "gif/manifolds-92.png" >
File: gif/manifolds-93.png Graphic file (type QTm)
 <use  "gif/manifolds-93.png" >
File: gif/manifolds-94.png Graphic file (type QTm)

<use  "gif/manifolds-94.png" >
File: gif/manifolds-95.png Graphic file (type QTm)
 <use  "gif/manifolds-95.png" >
File: gif/manifolds-96.png Graphic file (type QTm)

<use  "gif/manifolds-96.png" >
File: gif/manifolds-97.png Graphic file (type QTm)
 <use  "gif/manifolds-97.png" >
File: gif/manifolds-98.png Graphic file (type QTm)

<use  "gif/manifolds-98.png" >
File: gif/manifolds-99.png Graphic file (type QTm)
 <use  "gif/manifolds-99.png" >
File: gif/manifolds-100.png Graphic file (type QTm)

<use  "gif/manifolds-100.png" >
File: gif/manifolds-101.png Graphic file (type QTm)
 <use  "gif/manifolds-101.png" >
File: gif/manifolds-102.png Graphic file (type QTm)

<use  "gif/manifolds-102.png" >
File: gif/manifolds-103.png Graphic file (type QTm)
 <use  "gif/manifolds-103.png" >
File: gif/manifolds-104.png Graphic file (type QTm)

<use  "gif/manifolds-104.png" >
File: gif/manifolds-105.png Graphic file (type QTm)
 <use  "gif/manifolds-105.png" >
File: gif/manifolds-106.png Graphic file (type QTm)

<use  "gif/manifolds-106.png" >
File: gif/manifolds-107.png Graphic file (type QTm)
 <use  "gif/manifolds-107.png" >
File: gif/manifolds-108.png Graphic file (type QTm)

<use  "gif/manifolds-108.png" >
File: gif/manifolds-109.png Graphic file (type QTm)
 <use  "gif/manifolds-109.png" >
File: gif/manifolds-110.png Graphic file (type QTm)

<use  "gif/manifolds-110.png" >
File: gif/manifolds-111.png Graphic file (type QTm)
 <use  "gif/manifolds-111.png" >
File: gif/manifolds-112.png Graphic file (type QTm)

<use  "gif/manifolds-112.png" >
File: gif/manifolds-113.png Graphic file (type QTm)
 <use  "gif/manifolds-113.png" >
File: gif/manifolds-114.png Graphic file (type QTm)

<use  "gif/manifolds-114.png" >
File: gif/manifolds-115.png Graphic file (type QTm)
 <use  "gif/manifolds-115.png" >
File: gif/manifolds-116.png Graphic file (type QTm)

<use  "gif/manifolds-116.png" >
File: gif/manifolds-117.png Graphic file (type QTm)
 <use  "gif/manifolds-117.png" >
File: gif/manifolds-118.png Graphic file (type QTm)

<use  "gif/manifolds-118.png" >
File: gif/manifolds-119.png Graphic file (type QTm)
 <use  "gif/manifolds-119.png" >
File: gif/manifolds-120.png Graphic file (type QTm)

<use  "gif/manifolds-120.png" >
File: gif/manifolds-121.png Graphic file (type QTm)
 <use  "gif/manifolds-121.png" >
File: gif/manifolds-122.png Graphic file (type QTm)

<use  "gif/manifolds-122.png" >
File: gif/manifolds-123.png Graphic file (type QTm)
 <use  "gif/manifolds-123.png" >
File: gif/manifolds-124.png Graphic file (type QTm)

<use  "gif/manifolds-124.png" >
File: gif/manifolds-125.png Graphic file (type QTm)
 <use  "gif/manifolds-125.png" >
File: gif/manifolds-126.png Graphic file (type QTm)

<use  "gif/manifolds-126.png" >
File: gif/manifolds-127.png Graphic file (type QTm)
 <use  "gif/manifolds-127.png" >
File: gif/manifolds-128.png Graphic file (type QTm)

<use  "gif/manifolds-128.png" >
File: gif/manifolds-129.png Graphic file (type QTm)
 <use  "gif/manifolds-129.png" >
File: gif/manifolds-130.png Graphic file (type QTm)

<use  "gif/manifolds-130.png" >
File: gif/manifolds-131.png Graphic file (type QTm)
 <use  "gif/manifolds-131.png" >
File: gif/manifolds-132.png Graphic file (type QTm)

<use  "gif/manifolds-132.png" >
File: gif/manifolds-133.png Graphic file (type QTm)
 <use  "gif/manifolds-133.png" >
File: gif/manifolds-134.png Graphic file (type QTm)

<use  "gif/manifolds-134.png" >
File: gif/manifolds-135.png Graphic file (type QTm)
 <use  "gif/manifolds-135.png" >
File: gif/manifolds-136.png Graphic file (type QTm)

<use  "gif/manifolds-136.png" >
File: gif/manifolds-137.png Graphic file (type QTm)
 <use  "gif/manifolds-137.png" >
File: gif/manifolds-138.png Graphic file (type QTm)

<use  "gif/manifolds-138.png" >
File: gif/manifolds-139.png Graphic file (type QTm)
 <use  "gif/manifolds-139.png" >
File: gif/manifolds-140.png Graphic file (type QTm)

<use  "gif/manifolds-140.png" >
File: gif/manifolds-141.png Graphic file (type QTm)
 <use  "gif/manifolds-141.png" >
File: gif/manifolds-142.png Graphic file (type QTm)

<use  "gif/manifolds-142.png" >
File: gif/manifolds-143.png Graphic file (type QTm)
 <use  "gif/manifolds-143.png" >
File: gif/manifolds-144.png Graphic file (type QTm)

<use  "gif/manifolds-144.png" >
File: gif/manifolds-145.png Graphic file (type QTm)
 <use  "gif/manifolds-145.png" >
File: gif/manifolds-146.png Graphic file (type QTm)

<use  "gif/manifolds-146.png" >
File: gif/manifolds-147.png Graphic file (type QTm)
 <use  "gif/manifolds-147.png" >
File: gif/manifolds-148.png Graphic file (type QTm)

<use  "gif/manifolds-148.png" >
File: gif/manifolds-149.png Graphic file (type QTm)
 <use  "gif/manifolds-149.png" >
File: gif/manifolds-150.png Graphic file (type QTm)

<use  "gif/manifolds-150.png" >
File: gif/manifolds-151.png Graphic file (type QTm)
 <use  "gif/manifolds-151.png" >
File: gif/manifolds-152.png Graphic file (type QTm)

<use  "gif/manifolds-152.png" >
File: gif/manifolds-153.png Graphic file (type QTm)
 <use  "gif/manifolds-153.png" >
File: gif/manifolds-154.png Graphic file (type QTm)

<use  "gif/manifolds-154.png" >
File: gif/manifolds-155.png Graphic file (type QTm)
 <use  "gif/manifolds-155.png" >
File: gif/manifolds-156.png Graphic file (type QTm)

<use  "gif/manifolds-156.png" >
File: gif/manifolds-157.png Graphic file (type QTm)
 <use  "gif/manifolds-157.png" >
File: gif/manifolds-158.png Graphic file (type QTm)

<use  "gif/manifolds-158.png" >
File: gif/manifolds-159.png Graphic file (type QTm)
 <use  "gif/manifolds-159.png" >
File: gif/manifolds-160.png Graphic file (type QTm)

<use  "gif/manifolds-160.png" >
File: gif/manifolds-161.png Graphic file (type QTm)
 <use  "gif/manifolds-161.png" >
File: gif/manifolds-162.png Graphic file (type QTm)

<use  "gif/manifolds-162.png" >
File: gif/manifolds-163.png Graphic file (type QTm)
 <use  "gif/manifolds-163.png" >
File: gif/manifolds-164.png Graphic file (type QTm)

<use  "gif/manifolds-164.png" >
File: gif/manifolds-165.png Graphic file (type QTm)
 <use  "gif/manifolds-165.png" >
File: gif/manifolds-166.png Graphic file (type QTm)

<use  "gif/manifolds-166.png" >
File: gif/manifolds-167.png Graphic file (type QTm)
 <use  "gif/manifolds-167.png" >
File: gif/manifolds-168.png Graphic file (type QTm)

<use  "gif/manifolds-168.png" >
File: gif/manifolds-169.png Graphic file (type QTm)
 <use  "gif/manifolds-169.png" >
File: gif/manifolds-170.png Graphic file (type QTm)

<use  "gif/manifolds-170.png" >
File: gif/manifolds-171.png Graphic file (type QTm)
 <use  "gif/manifolds-171.png" >
File: gif/manifolds-172.png Graphic file (type QTm)

<use  "gif/manifolds-172.png" >
File: gif/manifolds-173.png Graphic file (type QTm)
 <use  "gif/manifolds-173.png" >
File: gif/manifolds-174.png Graphic file (type QTm)

<use  "gif/manifolds-174.png" >
File: gif/manifolds-175.png Graphic file (type QTm)
 <use  "gif/manifolds-175.png" >
File: gif/manifolds-176.png Graphic file (type QTm)

<use  "gif/manifolds-176.png" >
File: gif/manifolds-177.png Graphic file (type QTm)
 <use  "gif/manifolds-177.png" >
File: gif/manifolds-178.png Graphic file (type QTm)

<use  "gif/manifolds-178.png" >
File: gif/manifolds-179.png Graphic file (type QTm)
 <use  "gif/manifolds-179.png" >
File: gif/manifolds-180.png Graphic file (type QTm)

<use  "gif/manifolds-180.png" >
File: gif/manifolds-181.png Graphic file (type QTm)
 <use  "gif/manifolds-181.png" >
File: gif/manifolds-182.png Graphic file (type QTm)

<use  "gif/manifolds-182.png" >
File: gif/manifolds-183.png Graphic file (type QTm)
 <use  "gif/manifolds-183.png" >
File: gif/manifolds-184.png Graphic file (type QTm)

<use  "gif/manifolds-184.png" >
File: gif/manifolds-185.png Graphic file (type QTm)
 <use  "gif/manifolds-185.png" >
File: gif/manifolds-186.png Graphic file (type QTm)

<use  "gif/manifolds-186.png" >
File: gif/manifolds-187.png Graphic file (type QTm)
 <use  "gif/manifolds-187.png" >
File: gif/manifolds-188.png Graphic file (type QTm)

<use  "gif/manifolds-188.png" >
File: gif/manifolds-189.png Graphic file (type QTm)
 <use  "gif/manifolds-189.png" >
File: gif/manifolds-190.png Graphic file (type QTm)

<use  "gif/manifolds-190.png" >
File: gif/manifolds-191.png Graphic file (type QTm)
 <use  "gif/manifolds-191.png" >
File: gif/manifolds-192.png Graphic file (type QTm)

<use  "gif/manifolds-192.png" >
File: gif/manifolds-193.png Graphic file (type QTm)
 <use  "gif/manifolds-193.png" >
File: gif/manifolds-194.png Graphic file (type QTm)

<use  "gif/manifolds-194.png" >
File: gif/manifolds-195.png Graphic file (type QTm)
 <use  "gif/manifolds-195.png" >
File: gif/manifolds-196.png Graphic file (type QTm)

<use  "gif/manifolds-196.png" >
File: gif/manifolds-197.png Graphic file (type QTm)
 <use  "gif/manifolds-197.png" >
File: gif/manifolds-198.png Graphic file (type QTm)

<use  "gif/manifolds-198.png" >
File: gif/manifolds-199.png Graphic file (type QTm)
 <use  "gif/manifolds-199.png" >
File: gif/manifolds-200.png Graphic file (type QTm)

<use  "gif/manifolds-200.png" >
File: gif/manifolds-201.png Graphic file (type QTm)
 <use  "gif/manifolds-201.png" >
File: gif/manifolds-202.png Graphic file (type QTm)

<use  "gif/manifolds-202.png" >
File: gif/manifolds-203.png Graphic file (type QTm)
 <use  "gif/manifolds-203.png" >
File: gif/manifolds-204.png Graphic file (type QTm)

<use  "gif/manifolds-204.png" >
File: gif/manifolds-205.png Graphic file (type QTm)
 <use  "gif/manifolds-205.png" >
File: gif/manifolds-206.png Graphic file (type QTm)

<use  "gif/manifolds-206.png" >
File: gif/manifolds-207.png Graphic file (type QTm)
 <use  "gif/manifolds-207.png" >
File: gif/manifolds-208.png Graphic file (type QTm)

<use  "gif/manifolds-208.png" >
File: gif/manifolds-209.png Graphic file (type QTm)
 <use  "gif/manifolds-209.png" >
File: gif/manifolds-210.png Graphic file (type QTm)

<use  "gif/manifolds-210.png" >
File: gif/manifolds-211.png Graphic file (type QTm)
 <use  "gif/manifolds-211.png" >
File: gif/manifolds-212.png Graphic file (type QTm)

<use  "gif/manifolds-212.png" >
File: gif/manifolds-213.png Graphic file (type QTm)
 <use  "gif/manifolds-213.png" >
File: gif/manifolds-214.png Graphic file (type QTm)

<use  "gif/manifolds-214.png" >
File: gif/manifolds-215.png Graphic file (type QTm)
 <use  "gif/manifolds-215.png" >
File: gif/manifolds-216.png Graphic file (type QTm)

<use  "gif/manifolds-216.png" >
File: gif/manifolds-217.png Graphic file (type QTm)
 <use  "gif/manifolds-217.png" >
File: gif/manifolds-218.png Graphic file (type QTm)

<use  "gif/manifolds-218.png" >
File: gif/manifolds-219.png Graphic file (type QTm)
 <use  "gif/manifolds-219.png" >
File: gif/manifolds-220.png Graphic file (type QTm)

<use  "gif/manifolds-220.png" >
File: gif/manifolds-221.png Graphic file (type QTm)
 <use  "gif/manifolds-221.png" >
File: gif/manifolds-222.png Graphic file (type QTm)

<use  "gif/manifolds-222.png" >
File: gif/manifolds-223.png Graphic file (type QTm)
 <use  "gif/manifolds-223.png" >
File: gif/manifolds-224.png Graphic file (type QTm)

<use  "gif/manifolds-224.png" >
File: gif/manifolds-225.png Graphic file (type QTm)
 <use  "gif/manifolds-225.png" >
File: gif/manifolds-226.png Graphic file (type QTm)

<use  "gif/manifolds-226.png" >
File: gif/manifolds-227.png Graphic file (type QTm)
 <use  "gif/manifolds-227.png" >
File: gif/manifolds-228.png Graphic file (type QTm)

<use  "gif/manifolds-228.png" >
File: gif/manifolds-229.png Graphic file (type QTm)
 <use  "gif/manifolds-229.png" >
File: gif/manifolds-230.png Graphic file (type QTm)

<use  "gif/manifolds-230.png" >
File: gif/manifolds-231.png Graphic file (type QTm)
 <use  "gif/manifolds-231.png" >
File: gif/manifolds-232.png Graphic file (type QTm)

<use  "gif/manifolds-232.png" >
File: gif/manifolds-233.png Graphic file (type QTm)
 <use  "gif/manifolds-233.png" >
File: gif/manifolds-234.png Graphic file (type QTm)

<use  "gif/manifolds-234.png" >
File: gif/manifolds-235.png Graphic file (type QTm)
 <use  "gif/manifolds-235.png" >
File: gif/manifolds-236.png Graphic file (type QTm)

<use  "gif/manifolds-236.png" >
File: gif/manifolds-237.png Graphic file (type QTm)
 <use  "gif/manifolds-237.png" >
File: gif/manifolds-238.png Graphic file (type QTm)

<use  "gif/manifolds-238.png" >
File: gif/manifolds-239.png Graphic file (type QTm)
 <use  "gif/manifolds-239.png" >
File: gif/manifolds-240.png Graphic file (type QTm)

<use  "gif/manifolds-240.png" >
File: gif/manifolds-241.png Graphic file (type QTm)
 <use  "gif/manifolds-241.png" >
File: gif/manifolds-242.png Graphic file (type QTm)

<use  "gif/manifolds-242.png" >
File: gif/manifolds-243.png Graphic file (type QTm)
 <use  "gif/manifolds-243.png" >
File: gif/manifolds-244.png Graphic file (type QTm)

<use  "gif/manifolds-244.png" >
File: gif/manifolds-245.png Graphic file (type QTm)
 <use  "gif/manifolds-245.png" >
File: gif/manifolds-246.png Graphic file (type QTm)

<use  "gif/manifolds-246.png" >
File: gif/manifolds-247.png Graphic file (type QTm)
 <use  "gif/manifolds-247.png" >
File: gif/manifolds-248.png Graphic file (type QTm)

<use  "gif/manifolds-248.png" >
File: gif/manifolds-249.png Graphic file (type QTm)
 <use  "gif/manifolds-249.png" >
File: gif/manifolds-250.png Graphic file (type QTm)

<use  "gif/manifolds-250.png" >
File: gif/manifolds-251.png Graphic file (type QTm)
 <use  "gif/manifolds-251.png" >
File: gif/manifolds-252.png Graphic file (type QTm)

<use  "gif/manifolds-252.png" >
File: gif/manifolds-253.png Graphic file (type QTm)
 <use  "gif/manifolds-253.png" >
File: gif/manifolds-254.png Graphic file (type QTm)

<use  "gif/manifolds-254.png" >
File: gif/manifolds-255.png Graphic file (type QTm)
 <use  "gif/manifolds-255.png" >
File: gif/manifolds-256.png Graphic file (type QTm)

<use  "gif/manifolds-256.png" >
File: gif/manifolds-257.png Graphic file (type QTm)
 <use  "gif/manifolds-257.png" >
File: gif/manifolds-258.png Graphic file (type QTm)

<use  "gif/manifolds-258.png" >
File: gif/manifolds-259.png Graphic file (type QTm)
 <use  "gif/manifolds-259.png" >
File: gif/manifolds-260.png Graphic file (type QTm)

<use  "gif/manifolds-260.png" >
File: gif/manifolds-261.png Graphic file (type QTm)
 <use  "gif/manifolds-261.png" >
File: gif/manifolds-262.png Graphic file (type QTm)

<use  "gif/manifolds-262.png" >
File: gif/manifolds-263.png Graphic file (type QTm)
 <use  "gif/manifolds-263.png" >
File: gif/manifolds-264.png Graphic file (type QTm)

<use  "gif/manifolds-264.png" >
File: gif/manifolds-265.png Graphic file (type QTm)
 <use  "gif/manifolds-265.png" >
File: gif/manifolds-266.png Graphic file (type QTm)

<use  "gif/manifolds-266.png" >
File: gif/manifolds-267.png Graphic file (type QTm)
 <use  "gif/manifolds-267.png" >
File: gif/manifolds-268.png Graphic file (type QTm)

<use  "gif/manifolds-268.png" >
File: gif/manifolds-269.png Graphic file (type QTm)
 <use  "gif/manifolds-269.png" >
File: gif/manifolds-270.png Graphic file (type QTm)

<use  "gif/manifolds-270.png" >
File: gif/manifolds-271.png Graphic file (type QTm)
 <use  "gif/manifolds-271.png" >
File: gif/manifolds-272.png Graphic file (type QTm)

<use  "gif/manifolds-272.png" >
File: gif/manifolds-273.png Graphic file (type QTm)
 <use  "gif/manifolds-273.png" >
File: gif/manifolds-274.png Graphic file (type QTm)

<use  "gif/manifolds-274.png" >
File: gif/manifolds-275.png Graphic file (type QTm)
 <use  "gif/manifolds-275.png" >
File: gif/manifolds-276.png Graphic file (type QTm)

<use  "gif/manifolds-276.png" >
File: gif/manifolds-277.png Graphic file (type QTm)
 <use  "gif/manifolds-277.png" >
File: gif/manifolds-278.png Graphic file (type QTm)

<use  "gif/manifolds-278.png" >
File: gif/manifolds-279.png Graphic file (type QTm)
 <use  "gif/manifolds-279.png" >
File: gif/manifolds-280.png Graphic file (type QTm)

<use  "gif/manifolds-280.png" >
File: gif/manifolds-281.png Graphic file (type QTm)
 <use  "gif/manifolds-281.png" >
File: gif/manifolds-282.png Graphic file (type QTm)

<use  "gif/manifolds-282.png" >
File: gif/manifolds-283.png Graphic file (type QTm)
 <use  "gif/manifolds-283.png" >
File: gif/manifolds-284.png Graphic file (type QTm)

<use  "gif/manifolds-284.png" >
File: gif/manifolds-285.png Graphic file (type QTm)
 <use  "gif/manifolds-285.png" >
File: gif/manifolds-286.png Graphic file (type QTm)

<use  "gif/manifolds-286.png" >
File: gif/manifolds-287.png Graphic file (type QTm)
 <use  "gif/manifolds-287.png" >
File: gif/manifolds-288.png Graphic file (type QTm)

<use  "gif/manifolds-288.png" >
File: gif/manifolds-289.png Graphic file (type QTm)
 <use  "gif/manifolds-289.png" >
File: gif/manifolds-290.png Graphic file (type QTm)

<use  "gif/manifolds-290.png" >
File: gif/manifolds-291.png Graphic file (type QTm)
 <use  "gif/manifolds-291.png" >
File: gif/manifolds-292.png Graphic file (type QTm)

<use  "gif/manifolds-292.png" >
File: gif/manifolds-293.png Graphic file (type QTm)
 <use  "gif/manifolds-293.png" >
File: gif/manifolds-294.png Graphic file (type QTm)

<use  "gif/manifolds-294.png" >
File: gif/manifolds-295.png Graphic file (type QTm)
 <use  "gif/manifolds-295.png" >
File: gif/manifolds-296.png Graphic file (type QTm)

<use  "gif/manifolds-296.png" >
File: gif/manifolds-297.png Graphic file (type QTm)
 <use  "gif/manifolds-297.png" >
File: gif/manifolds-298.png Graphic file (type QTm)

<use  "gif/manifolds-298.png" >
File: gif/manifolds-299.png Graphic file (type QTm)
 <use  "gif/manifolds-299.png" >
File: gif/manifolds-300.png Graphic file (type QTm)

<use  "gif/manifolds-300.png" >
File: gif/manifolds-301.png Graphic file (type QTm)
 <use  "gif/manifolds-301.png" >
File: gif/manifolds-302.png Graphic file (type QTm)

<use  "gif/manifolds-302.png" >
File: gif/manifolds-303.png Graphic file (type QTm)
 <use  "gif/manifolds-303.png" >
File: gif/manifolds-304.png Graphic file (type QTm)

<use  "gif/manifolds-304.png" >
File: gif/manifolds-305.png Graphic file (type QTm)
 <use  "gif/manifolds-305.png" >
File: gif/manifolds-306.png Graphic file (type QTm)

<use  "gif/manifolds-306.png" >
File: gif/manifolds-307.png Graphic file (type QTm)
 <use  "gif/manifolds-307.png" >
File: gif/manifolds-308.png Graphic file (type QTm)

<use  "gif/manifolds-308.png" >
File: gif/manifolds-309.png Graphic file (type QTm)
 <use  "gif/manifolds-309.png" >
File: gif/manifolds-310.png Graphic file (type QTm)

<use  "gif/manifolds-310.png" >
File: gif/manifolds-311.png Graphic file (type QTm)
 <use  "gif/manifolds-311.png" >
File: gif/manifolds-312.png Graphic file (type QTm)

<use  "gif/manifolds-312.png" >
File: gif/manifolds-313.png Graphic file (type QTm)
 <use  "gif/manifolds-313.png" >
File: gif/manifolds-314.png Graphic file (type QTm)

<use  "gif/manifolds-314.png" >
File: gif/manifolds-315.png Graphic file (type QTm)
 <use  "gif/manifolds-315.png" >
File: gif/manifolds-316.png Graphic file (type QTm)

<use  "gif/manifolds-316.png" >
File: gif/manifolds-317.png Graphic file (type QTm)
 <use  "gif/manifolds-317.png" >
File: gif/manifolds-318.png Graphic file (type QTm)

<use  "gif/manifolds-318.png" >
File: gif/manifolds-319.png Graphic file (type QTm)
 <use  "gif/manifolds-319.png" >
File: gif/manifolds-320.png Graphic file (type QTm)

<use  "gif/manifolds-320.png" >
File: gif/manifolds-321.png Graphic file (type QTm)
 <use  "gif/manifolds-321.png" >
File: gif/manifolds-322.png Graphic file (type QTm)

<use  "gif/manifolds-322.png" >
File: gif/manifolds-323.png Graphic file (type QTm)
 <use  "gif/manifolds-323.png" >
File: gif/manifolds-324.png Graphic file (type QTm)

<use  "gif/manifolds-324.png" >
File: gif/manifolds-325.png Graphic file (type QTm)
 <use  "gif/manifolds-325.png" >
File: gif/manifolds-326.png Graphic file (type QTm)

<use  "gif/manifolds-326.png" >
File: gif/manifolds-327.png Graphic file (type QTm)
 <use  "gif/manifolds-327.png" >
File: gif/manifolds-328.png Graphic file (type QTm)

<use  "gif/manifolds-328.png" >
File: gif/manifolds-329.png Graphic file (type QTm)
 <use  "gif/manifolds-329.png" >
File: gif/manifolds-330.png Graphic file (type QTm)

<use  "gif/manifolds-330.png" >
Overfull \hbox (0.4pt too wide) in paragraph at lines 201--201
[][]  
 []

[8

] (./demo.bbl
File: beamericonarticle.pdf Graphic file (type QTm)
 <use  "beamericonarticle.pdf" >
File: beamericonarticle.pdf Graphic file (type QTm)

<use  "beamericonarticle.pdf" >
File: beamericonarticle.pdf Graphic file (type QTm)
 <use  "beamericonarticle.pdf" >)
Overfull \hbox (0.4pt too wide) in paragraph at lines 206--206
[][]  
 []

[9

]

Package hyperref Warning: Token not allowed in a PDF string (Unicode):
(hyperref)                removing `\translate ' on input line 208.

File: ../figures/jacobiConstantEMSys.png Graphic file (type QTm)
<use  "../figures/jacobiConstantEMSys.png" > [10

]
Package atenddvi Info: Last page = 11.
 [11

]
\tf@nav=\write6
\openout6 = `demo.nav'.

\tf@toc=\write7
\openout7 = `demo.toc'.

\tf@snm=\write8
\openout8 = `demo.snm'.

Package atveryend Info: Empty hook `BeforeClearDocument' on input line 291.
Package atveryend Info: Executing hook `AfterLastShipout' on input line 291.
 (./demo.aux)
Package atveryend Info: Empty hook `AtVeryEndDocument' on input line 291.
Package atveryend Info: Empty hook `AtEndAfterFileList' on input line 291.
Package atveryend Info: Empty hook `AtVeryVeryEnd' on input line 291.
 ) 
Here is how much of TeX's memory you used:
 51774 strings out of 493638
 1161255 string characters out of 6146796
 1594625 words of memory out of 5000000
 54011 multiletter control sequences out of 15000+600000
 9888 words of font info for 60 fonts, out of 8000000 for 9000
 1328 hyphenation exceptions out of 8191
 71i,13n,95p,10413b,791s stack positions out of 5000i,500n,10000p,200000b,80000s

Output written on demo.pdf (11 pages).
